[    0.000000] Linux version 4.15.0-212-generic (buildd@lcy02-amd64-083) (gcc version 7.5.0 (Ubuntu 7.5.0-3ubuntu1~18.04)) #223-Ubuntu SMP Tue May 23 13:09:22 UTC 2023 (Ubuntu 4.15.0-212.223-generic 4.15.18)
[    0.000000] Command line: BOOT_IMAGE=/boot/vmlinuz-4.15.0-212-generic root=LABEL=cloudimg-rootfs ro console=tty1 console=ttyS0
[    0.000000] KERNEL supported cpus:
[    0.000000]   Intel GenuineIntel
[    0.000000]   AMD AuthenticAMD
[    0.000000]   Centaur CentaurHauls
[    0.000000] x86/fpu: Supporting XSAVE feature 0x001: 'x87 floating point registers'
[    0.000000] x86/fpu: Supporting XSAVE feature 0x002: 'SSE registers'
[    0.000000] x86/fpu: Supporting XSAVE feature 0x004: 'AVX registers'
[    0.000000] x86/fpu: xstate_offset[2]:  576, xstate_sizes[2]:  256
[    0.000000] x86/fpu: Enabled xstate features 0x7, context size is 832 bytes, using 'standard' format.
[    0.000000] e820: BIOS-provided physical RAM map:
[    0.000000] BIOS-e820: [mem 0x0000000000000000-0x000000000009fbff] usable
[    0.000000] BIOS-e820: [mem 0x000000000009fc00-0x000000000009ffff] reserved
[    0.000000] BIOS-e820: [mem 0x00000000000f0000-0x00000000000fffff] reserved
[    0.000000] BIOS-e820: [mem 0x0000000000100000-0x000000003ffeffff] usable
[    0.000000] BIOS-e820: [mem 0x000000003fff0000-0x000000003fffffff] ACPI data
[    0.000000] BIOS-e820: [mem 0x00000000fec00000-0x00000000fec00fff] reserved
[    0.000000] BIOS-e820: [mem 0x00000000fee00000-0x00000000fee00fff] reserved
[    0.000000] BIOS-e820: [mem 0x00000000fffc0000-0x00000000ffffffff] reserved
[    0.000000] NX (Execute Disable) protection: active
[    0.000000] SMBIOS 2.5 present.
[    0.000000] DMI: innotek GmbH VirtualBox/VirtualBox, BIOS VirtualBox 12/01/2006
[    0.000000] Hypervisor detected: KVM
[    0.000000] e820: last_pfn = 0x3fff0 max_arch_pfn = 0x400000000
[    0.000000] MTRR: Disabled
[    0.000000] x86/PAT: MTRRs disabled, skipping PAT initialization too.
[    0.000000] CPU MTRRs all blank - virtualized system.
[    0.000000] x86/PAT: Configuration [0-7]: WB  WT  UC- UC  WB  WT  UC- UC  
[    0.000000] found SMP MP-table at [mem 0x0009fff0-0x0009ffff]
[    0.000000] Scanning 1 areas for low memory corruption
[    0.000000] RAMDISK: [mem 0x359cb000-0x36cdcfff]
[    0.000000] ACPI: Early table checksum verification disabled
[    0.000000] ACPI: RSDP 0x00000000000E0000 000024 (v02 VBOX  )
[    0.000000] ACPI: XSDT 0x000000003FFF0030 00003C (v01 VBOX   VBOXXSDT 00000001 ASL  00000061)
[    0.000000] ACPI: FACP 0x000000003FFF00F0 0000F4 (v04 VBOX   VBOXFACP 00000001 ASL  00000061)
[    0.000000] ACPI: DSDT 0x000000003FFF0610 002353 (v02 VBOX   VBOXBIOS 00000002 INTL 20210930)
[    0.000000] ACPI: FACS 0x000000003FFF0200 000040
[    0.000000] ACPI: FACS 0x000000003FFF0200 000040
[    0.000000] ACPI: APIC 0x000000003FFF0240 00005C (v02 VBOX   VBOXAPIC 00000001 ASL  00000061)
[    0.000000] ACPI: SSDT 0x000000003FFF02A0 00036C (v01 VBOX   VBOXCPUT 00000002 INTL 20210930)
[    0.000000] ACPI: Reserving FACP table memory at [mem 0x3fff00f0-0x3fff01e3]
[    0.000000] ACPI: Reserving DSDT table memory at [mem 0x3fff0610-0x3fff2962]
[    0.000000] ACPI: Reserving FACS table memory at [mem 0x3fff0200-0x3fff023f]
[    0.000000] ACPI: Reserving FACS table memory at [mem 0x3fff0200-0x3fff023f]
[    0.000000] ACPI: Reserving APIC table memory at [mem 0x3fff0240-0x3fff029b]
[    0.000000] ACPI: Reserving SSDT table memory at [mem 0x3fff02a0-0x3fff060b]
[    0.000000] No NUMA configuration found
[    0.000000] Faking a node at [mem 0x0000000000000000-0x000000003ffeffff]
[    0.000000] NODE_DATA(0) allocated [mem 0x3ffc5000-0x3ffeffff]
[    0.000000] kvm-clock: cpu 0, msr 0:3ff44001, primary cpu clock
[    0.000000] kvm-clock: Using msrs 4b564d01 and 4b564d00
[    0.000000] kvm-clock: using sched offset of 4521017013 cycles
[    0.000000] clocksource: kvm-clock: mask: 0xffffffffffffffff max_cycles: 0x1cd42e4dffb, max_idle_ns: 881590591483 ns
[    0.000000] Zone ranges:
[    0.000000]   DMA      [mem 0x0000000000001000-0x0000000000ffffff]
[    0.000000]   DMA32    [mem 0x0000000001000000-0x000000003ffeffff]
[    0.000000]   Normal   empty
[    0.000000]   Device   empty
[    0.000000] Movable zone start for each node
[    0.000000] Early memory node ranges
[    0.000000]   node   0: [mem 0x0000000000001000-0x000000000009efff]
[    0.000000]   node   0: [mem 0x0000000000100000-0x000000003ffeffff]
[    0.000000] Reserved but unavailable: 104 pages
[    0.000000] Initmem setup node 0 [mem 0x0000000000001000-0x000000003ffeffff]
[    0.000000] ACPI: PM-Timer IO Port: 0x4008
[    0.000000] IOAPIC[0]: apic_id 2, version 32, address 0xfec00000, GSI 0-23
[    0.000000] ACPI: INT_SRC_OVR (bus 0 bus_irq 0 global_irq 2 dfl dfl)
[    0.000000] ACPI: INT_SRC_OVR (bus 0 bus_irq 9 global_irq 9 low level)
[    0.000000] Using ACPI (MADT) for SMP configuration information
[    0.000000] smpboot: Allowing 2 CPUs, 0 hotplug CPUs
[    0.000000] PM: Registered nosave memory: [mem 0x00000000-0x00000fff]
[    0.000000] PM: Registered nosave memory: [mem 0x0009f000-0x0009ffff]
[    0.000000] PM: Registered nosave memory: [mem 0x000a0000-0x000effff]
[    0.000000] PM: Registered nosave memory: [mem 0x000f0000-0x000fffff]
[    0.000000] e820: [mem 0x40000000-0xfebfffff] available for PCI devices
[    0.000000] Booting paravirtualized kernel on KVM
[    0.000000] clocksource: refined-jiffies: mask: 0xffffffff max_cycles: 0xffffffff, max_idle_ns: 7645519600211568 ns
[    0.000000] setup_percpu: NR_CPUS:8192 nr_cpumask_bits:2 nr_cpu_ids:2 nr_node_ids:1
[    0.000000] percpu: Embedded 50 pages/cpu s167936 r8192 d28672 u1048576
[    0.000000] PV qspinlock hash table entries: 256 (order: 0, 4096 bytes)
[    0.000000] Built 1 zonelists, mobility grouping on.  Total pages: 257913
[    0.000000] Policy zone: DMA32
[    0.000000] Kernel command line: BOOT_IMAGE=/boot/vmlinuz-4.15.0-212-generic root=LABEL=cloudimg-rootfs ro console=tty1 console=ttyS0
[    0.000000] Memory: 982644K/1048120K available (12300K kernel code, 2477K rwdata, 4324K rodata, 2480K init, 2720K bss, 65476K reserved, 0K cma-reserved)
[    0.000000] SLUB: HWalign=64, Order=0-3, MinObjects=0, CPUs=2, Nodes=1
[    0.000000] Kernel/User page tables isolation: enabled
[    0.000000] ftrace: allocating 39508 entries in 155 pages
[    0.004000] Hierarchical RCU implementation.
[    0.004000] 	RCU restricting CPUs from NR_CPUS=8192 to nr_cpu_ids=2.
[    0.004000] 	Tasks RCU enabled.
[    0.004000] RCU: Adjusting geometry for rcu_fanout_leaf=16, nr_cpu_ids=2
[    0.004000] NR_IRQS: 524544, nr_irqs: 440, preallocated irqs: 16
[    0.004000] random: crng init done
[    0.004000] Console: colour VGA+ 80x25
[    0.004000] console [tty1] enabled
[    0.004000] console [ttyS0] enabled
[    0.004000] ACPI: Core revision 20170831
[    0.004000] ACPI: 2 ACPI AML tables successfully acquired and loaded
[    0.004000] APIC: Switch to symmetric I/O mode setup
[    0.006037] x2apic enabled
[    0.008030] Switched APIC routing to physical x2apic.
[    0.016000] ..TIMER: vector=0x30 apic1=0 pin1=2 apic2=-1 pin2=-1
[    0.016006] tsc: Detected 1389.118 MHz processor
[    0.020014] Calibrating delay loop (skipped) preset value.. 2778.23 BogoMIPS (lpj=5556472)
[    0.024005] pid_max: default: 32768 minimum: 301
[    0.028065] Security Framework initialized
[    0.032005] Yama: becoming mindful.
[    0.036064] AppArmor: AppArmor initialized
[    0.041988] Dentry cache hash table entries: 131072 (order: 8, 1048576 bytes)
[    0.045009] Inode-cache hash table entries: 65536 (order: 7, 524288 bytes)
[    0.048057] Mount-cache hash table entries: 2048 (order: 2, 16384 bytes)
[    0.052041] Mountpoint-cache hash table entries: 2048 (order: 2, 16384 bytes)
[    0.060042] Last level iTLB entries: 4KB 64, 2MB 8, 4MB 8
[    0.064003] Last level dTLB entries: 4KB 64, 2MB 0, 4MB 0, 1GB 4
[    0.068023] Spectre V1 : Mitigation: usercopy/swapgs barriers and __user pointer sanitization
[    0.076004] Spectre V2 : Mitigation: Retpolines
[    0.079820] Spectre V2 : Spectre v2 / SpectreRSB mitigation: Filling RSB on context switch
[    0.080006] Spectre V2 : Spectre v2 / SpectreRSB : Filling RSB on VMEXIT
[    0.084003] RETBleed: WARNING: Spectre v2 mitigation leaves CPU vulnerable to RETBleed attacks, data leaks possible!
[    0.088005] RETBleed: Vulnerable
[    0.091030] Speculative Store Bypass: Vulnerable
[    0.092145] MDS: Mitigation: Clear CPU buffers
[    0.096003] MMIO Stale Data: Mitigation: Clear CPU buffers
[    0.100023] SRBDS: Unknown: Dependent on hypervisor status
[    0.104236] Freeing SMP alternatives memory: 36K
[    0.221888] smpboot: CPU0: Intel(R) Core(TM) i5-8257U CPU @ 1.40GHz (family: 0x6, model: 0x8e, stepping: 0xa)
[    0.228284] Performance Events: unsupported p6 CPU model 142 no PMU driver, software events only.
[    0.232104] Hierarchical SRCU implementation.
[    0.240238] NMI watchdog: Perf event create on CPU 0 failed with -2
[    0.244003] NMI watchdog: Perf NMI watchdog permanently disabled
[    0.248192] smp: Bringing up secondary CPUs ...
[    0.252526] x86: Booting SMP configuration:
[    0.256004] .... node  #0, CPUs:      #1
[    0.004000] kvm-clock: cpu 1, msr 0:3ff44041, secondary cpu clock
[    0.264143] smp: Brought up 1 node, 2 CPUs
[    0.268007] smpboot: Max logical packages: 1
[    0.272006] smpboot: Total of 2 processors activated (5556.47 BogoMIPS)
[    0.276348] devtmpfs: initialized
[    0.280119] x86/mm: Memory block size: 128MB
[    0.284325] evm: security.selinux
[    0.288008] evm: security.SMACK64
[    0.291150] evm: security.SMACK64EXEC
[    0.295256] evm: security.SMACK64TRANSMUTE
[    0.296005] evm: security.SMACK64MMAP
[    0.300006] evm: security.apparmor
[    0.304007] evm: security.ima
[    0.306620] evm: security.capability
[    0.308287] clocksource: jiffies: mask: 0xffffffff max_cycles: 0xffffffff, max_idle_ns: 7645041785100000 ns
[    0.312073] futex hash table entries: 512 (order: 3, 32768 bytes)
[    0.316144] pinctrl core: initialized pinctrl subsystem
[    0.320501] RTC time:  0:14:27, date: 08/13/24
[    0.328155] NET: Registered protocol family 16
[    0.332000] audit: initializing netlink subsys (disabled)
[    0.332115] audit: type=2000 audit(1723508072.638:1): state=initialized audit_enabled=0 res=1
[    0.336015] cpuidle: using governor ladder
[    0.339811] cpuidle: using governor menu
[    0.340094] ACPI: bus type PCI registered
[    0.344005] acpiphp: ACPI Hot Plug PCI Controller Driver version: 0.5
[    0.348476] PCI: Using configuration type 1 for base access
[    0.356646] HugeTLB registered 2.00 MiB page size, pre-allocated 0 pages
[    0.364243] ACPI: Added _OSI(Module Device)
[    0.368015] ACPI: Added _OSI(Processor Device)
[    0.372008] ACPI: Added _OSI(3.0 _SCP Extensions)
[    0.376004] ACPI: Added _OSI(Processor Aggregator Device)
[    0.380006] ACPI: Added _OSI(Linux-Dell-Video)
[    0.384006] ACPI: Added _OSI(Linux-Lenovo-NV-HDMI-Audio)
[    0.388006] ACPI: Added _OSI(Linux-HPI-Hybrid-Graphics)
[    0.392870] ACPI: Executed 1 blocks of module-level executable AML code
[    0.404090] ACPI: Interpreter enabled
[    0.407220] ACPI: (supports S0 S5)
[    0.408004] ACPI: Using IOAPIC for interrupt routing
[    0.412505] PCI: Using host bridge windows from ACPI; if necessary, use "pci=nocrs" and report a bug
[    0.416300] ACPI: Enabled 2 GPEs in block 00 to 07
[    0.433437] ACPI: PCI Root Bridge [PCI0] (domain 0000 [bus 00-ff])
[    0.436009] acpi PNP0A03:00: _OSC: OS supports [ASPM ClockPM Segments MSI]
[    0.444557] acpi PNP0A03:00: _OSC: not requesting OS control; OS requires [ExtendedConfig ASPM ClockPM MSI]
[    0.448015] acpi PNP0A03:00: fail to add MMCONFIG information, can't access extended PCI configuration space under this bridge.
[    0.452896] PCI host bridge to bus 0000:00
[    0.456006] pci_bus 0000:00: root bus resource [io  0x0000-0x0cf7 window]
[    0.460005] pci_bus 0000:00: root bus resource [io  0x0d00-0xffff window]
[    0.464005] pci_bus 0000:00: root bus resource [mem 0x000a0000-0x000bffff window]
[    0.468006] pci_bus 0000:00: root bus resource [mem 0x40000000-0xfdffffff window]
[    0.472007] pci_bus 0000:00: root bus resource [bus 00-ff]
[    0.486850] pci 0000:00:01.1: legacy IDE quirk: reg 0x10: [io  0x01f0-0x01f7]
[    0.488005] pci 0000:00:01.1: legacy IDE quirk: reg 0x14: [io  0x03f6]
[    0.492004] pci 0000:00:01.1: legacy IDE quirk: reg 0x18: [io  0x0170-0x0177]
[    0.496004] pci 0000:00:01.1: legacy IDE quirk: reg 0x1c: [io  0x0376]
[    0.580000] pci 0000:00:07.0: quirk: [io  0x4000-0x403f] claimed by PIIX4 ACPI
[    0.580000] pci 0000:00:07.0: quirk: [io  0x4100-0x410f] claimed by PIIX4 SMB
[    0.595751] ACPI: PCI Interrupt Link [LNKA] (IRQs 5 9 10 *11)
[    0.596697] ACPI: PCI Interrupt Link [LNKB] (IRQs 5 9 *10 11)
[    0.600000] ACPI: PCI Interrupt Link [LNKC] (IRQs 5 *9 10 11)
[    0.600000] ACPI: PCI Interrupt Link [LNKD] (IRQs 5 9 10 *11)
[    0.600000] SCSI subsystem initialized
[    0.600145] pci 0000:00:02.0: vgaarb: setting as boot VGA device
[    0.604000] pci 0000:00:02.0: vgaarb: VGA device added: decodes=io+mem,owns=io+mem,locks=none
[    0.608007] pci 0000:00:02.0: vgaarb: bridge control possible
[    0.612000] vgaarb: loaded
[    0.612000] ACPI: bus type USB registered
[    0.612000] usbcore: registered new interface driver usbfs
[    0.612033] usbcore: registered new interface driver hub
[    0.616020] usbcore: registered new device driver usb
[    0.620085] EDAC MC: Ver: 3.0.0
[    0.628120] PCI: Using ACPI for IRQ routing
[    0.632812] NetLabel: Initializing
[    0.640003] NetLabel:  domain hash size = 128
[    0.644000] NetLabel:  protocols = UNLABELED CIPSOv4 CALIPSO
[    0.644023] NetLabel:  unlabeled traffic allowed by default
[    0.648172] clocksource: Switched to clocksource kvm-clock
[    0.681870] VFS: Disk quotas dquot_6.6.0
[    0.686972] VFS: Dquot-cache hash table entries: 512 (order 0, 4096 bytes)
[    0.693964] AppArmor: AppArmor Filesystem Enabled
[    0.699475] pnp: PnP ACPI init
[    0.707744] pnp: PnP ACPI: found 3 devices
[    0.720414] clocksource: acpi_pm: mask: 0xffffff max_cycles: 0xffffff, max_idle_ns: 2085701024 ns
[    0.730824] NET: Registered protocol family 2
[    0.737101] IP idents hash table entries: 16384 (order: 5, 131072 bytes)
[    0.745254] TCP established hash table entries: 8192 (order: 4, 65536 bytes)
[    0.752815] TCP bind hash table entries: 8192 (order: 5, 131072 bytes)
[    0.759540] TCP: Hash tables configured (established 8192 bind 8192)
[    0.766588] UDP hash table entries: 512 (order: 2, 16384 bytes)
[    0.772886] UDP-Lite hash table entries: 512 (order: 2, 16384 bytes)
[    0.779197] NET: Registered protocol family 1
[    0.783078] pci 0000:00:00.0: Limiting direct PCI/PCI transfers
[    0.789987] pci 0000:00:01.0: Activating ISA DMA hang workarounds
[    0.796078] pci 0000:00:02.0: Video device with shadowed ROM at [mem 0x000c0000-0x000dffff]
[    0.804343] Unpacking initramfs...
[    1.244408] Freeing initrd memory: 19528K
[    1.252294] clocksource: tsc: mask: 0xffffffffffffffff max_cycles: 0x1405f884ca6, max_idle_ns: 440795226509 ns
[    1.260732] platform rtc_cmos: registered platform RTC device (no PNP device found)
[    1.264535] Scanning for low memory corruption every 60 seconds
[    1.274163] Initialise system trusted keyrings
[    1.277380] Key type blacklist registered
[    1.282641] workingset: timestamp_bits=36 max_order=18 bucket_order=0
[    1.286550] zbud: loaded
[    1.294582] squashfs: version 4.0 (2009/01/31) Phillip Lougher
[    1.300394] fuse init (API version 7.26)
[    1.312206] Key type asymmetric registered
[    1.315946] Asymmetric key parser 'x509' registered
[    1.316195] Block layer SCSI generic (bsg) driver version 0.4 loaded (major 246)
[    1.327104] io scheduler noop registered
[    1.331194] io scheduler deadline registered
[    1.335307] io scheduler cfq registered (default)
[    1.341019] ACPI: AC Adapter [AC] (off-line)
[    1.344212] input: Power Button as /devices/LNXSYSTM:00/LNXPWRBN:00/input/input0
[    1.351873] ACPI: Power Button [PWRF]
[    1.355452] input: Sleep Button as /devices/LNXSYSTM:00/LNXSLPBN:00/input/input1
[    1.361972] ACPI: Sleep Button [SLPF]
[    1.366310] Serial: 8250/16550 driver, 32 ports, IRQ sharing enabled
[    1.369006] ACPI: Battery Slot [BAT0] (battery present)
[    1.404088] 00:02: ttyS0 at I/O 0x3f8 (irq = 4, base_baud = 115200) is a 16550A
[    1.414192] Linux agpgart interface v0.103
[    1.422410] loop: module loaded
[    1.428223] scsi host0: ata_piix
[    1.431889] scsi host1: ata_piix
[    1.435069] ata1: PATA max UDMA/33 cmd 0x1f0 ctl 0x3f6 bmdma 0xd000 irq 14
[    1.441002] ata2: PATA max UDMA/33 cmd 0x170 ctl 0x376 bmdma 0xd008 irq 15
[    1.448350] tun: Universal TUN/TAP device driver, 1.6
[    1.453243] PPP generic driver version 2.4.2
[    1.457087] ehci_hcd: USB 2.0 'Enhanced' Host Controller (EHCI) Driver
[    1.462916] ehci-pci: EHCI PCI platform driver
[    1.467159] ehci-platform: EHCI generic platform driver
[    1.471885] ohci_hcd: USB 1.1 'Open' Host Controller (OHCI) Driver
[    1.475839] ohci-pci: OHCI PCI platform driver
[    1.481315] ohci-platform: OHCI generic platform driver
[    1.486111] uhci_hcd: USB Universal Host Controller Interface driver
[    1.492229] i8042: PNP: PS/2 Controller [PNP0303:PS2K,PNP0f03:PS2M] at 0x60,0x64 irq 1,12
[    1.503093] serio: i8042 KBD port at 0x60,0x64 irq 1
[    1.505500] serio: i8042 AUX port at 0x60,0x64 irq 12
[    1.512923] mousedev: PS/2 mouse device common for all mice
[    1.520888] rtc_cmos rtc_cmos: rtc core: registered rtc_cmos as rtc0
[    1.520919] input: AT Translated Set 2 keyboard as /devices/platform/i8042/serio0/input/input2
[    1.527264] rtc_cmos rtc_cmos: alarms up to one day, 114 bytes nvram
[    1.541663] i2c /dev entries driver
[    1.544882] device-mapper: uevent: version 1.0.3
[    1.549259] device-mapper: ioctl: 4.37.0-ioctl (2017-09-20) initialised: dm-devel@redhat.com
[    1.556687] ledtrig-cpu: registered to indicate activity on CPUs
[    1.564498] NET: Registered protocol family 10
[    1.576104] Segment Routing with IPv6
[    1.579779] NET: Registered protocol family 17
[    1.584722] Key type dns_resolver registered
[    1.589238] mce: Using 0 MCE banks
[    1.592567] RAS: Correctable Errors collector initialized.
[    1.597322] sched_clock: Marking stable (1597260703, 0)->(2557570669, -960309966)
[    1.682705] registered taskstats version 1
[    1.686708] Loading compiled-in X.509 certificates
[    1.696190] Loaded X.509 cert 'Build time autogenerated kernel key: b5b26778eaa3ab3a4a6cee031137706e947d12ad'
[    1.706427] Loaded X.509 cert 'Canonical Ltd. Live Patch Signing: 14df34d1a87cf37625abec039ef2bf521249b969'
[    1.715725] Loaded X.509 cert 'Canonical Ltd. Kernel Module Signing: 88f752e560a1e0737e31163a466ad7b70a850c19'
[    1.726231] blacklist: Loading compiled-in revocation X.509 certificates
[    1.732619] Loaded X.509 cert 'Canonical Ltd. Secure Boot Signing: 61482aa2830d0ab2ad5af10b7250da9033ddcef0'
[    1.741402] Loaded X.509 cert 'Canonical Ltd. Secure Boot Signing (2017): 242ade75ac4a15e50d50c84b0d45ff3eae707a03'
[    1.750445] Loaded X.509 cert 'Canonical Ltd. Secure Boot Signing (ESM 2018): 365188c1d374d6b07c3c8f240f8ef722433d6a8b'
[    1.760449] Loaded X.509 cert 'Canonical Ltd. Secure Boot Signing (2019): c0746fd6c5da3ae827864651ad66ae47fe24b3e8'
[    1.769404] Loaded X.509 cert 'Canonical Ltd. Secure Boot Signing (2021 v1): a8d54bbb3825cfb94fa13c9f8a594a195c107b8d'
[    1.778639] Loaded X.509 cert 'Canonical Ltd. Secure Boot Signing (2021 v2): 4cf046892d6fd3c9a5b03f98d845f90851dc6a8c'
[    1.787434] Loaded X.509 cert 'Canonical Ltd. Secure Boot Signing (2021 v3): 100437bb6de6e469b581e61cd66bce3ef4ed53af'
[    1.797307] Loaded X.509 cert 'Canonical Ltd. Secure Boot Signing (Ubuntu Core 2019): c1d57b8f6b743f23ee41f4f7ee292f06eecadfb9'
[    1.806681] zswap: loaded using pool lzo/zbud
[    1.818907] Key type big_key registered
[    1.822429] Key type trusted registered
[    1.829891] Key type encrypted registered
[    1.834137] AppArmor: AppArmor sha1 policy hashing enabled
[    1.838911] ima: No TPM chip found, activating TPM-bypass! (rc=-19)
[    1.844140] ima: Allocated hash algorithm: sha1
[    1.847963] evm: HMAC attrs: 0x1
[    1.851937]   Magic number: 4:154:203
[    1.856532] rtc_cmos rtc_cmos: setting system clock to 2024-08-13 00:14:29 UTC (1723508069)
[    1.864631] BIOS EDD facility v0.16 2004-Jun-25, 0 devices found
[    1.869631] EDD information not available.
[    1.878875] Freeing unused kernel image memory: 2480K
[    1.904989] Write protecting the kernel read-only data: 20480k
[    1.911266] Freeing unused kernel image memory: 2008K
[    1.916704] Freeing unused kernel image memory: 1820K
[    1.931096] x86/mm: Checked W+X mappings: passed, no W+X pages found.
[    1.937104] x86/mm: Checking user space page tables
[    1.950339] x86/mm: Checked W+X mappings: passed, no W+X pages found.
Loading, please wait...
starting version 237
[    2.054916] Fusion MPT base driver 3.04.20
[    2.059126] Copyright (c) 1999-2008 LSI Corporation
[    2.094803] e1000: Intel(R) PRO/1000 Network Driver - version 7.3.21-k8-NAPI
[    2.101318] e1000: Copyright (c) 1999-2006 Intel Corporation.
[    2.113070] AVX2 version of gcm_enc/dec engaged.
[    2.117903] AES CTR mode by8 optimization enabled
[    2.144284] Fusion MPT SPI Host driver 3.04.20
[    2.328620] input: ImExPS/2 Generic Explorer Mouse as /devices/platform/i8042/serio1/input/input4
[    2.717157] e1000 0000:00:03.0 eth0: (PCI:33MHz:32-bit) 02:3b:7b:b7:3b:2d
[    2.722719] e1000 0000:00:03.0 eth0: Intel(R) PRO/1000 Network Connection
[    2.730597] mptbase: ioc0: Initiating bringup
[    2.736531] e1000 0000:00:03.0 enp0s3: renamed from eth0
[    2.851006] ioc0: LSI53C1030 A0: Capabilities={Initiator}
[    3.109351] scsi host2: ioc0: LSI53C1030 A0, FwRev=00000000h, Ports=1, MaxQ=256, IRQ=20
[    3.289165] scsi 2:0:0:0: Direct-Access     VBOX     HARDDISK         1.0  PQ: 0 ANSI: 5
[    3.328340] scsi target2:0:0: Beginning Domain Validation
[    3.340005] scsi target2:0:0: Domain Validation skipping write tests
[    3.346881] scsi target2:0:0: Ending Domain Validation
[    3.352362] scsi target2:0:0: asynchronous
[    3.359663] scsi 2:0:1:0: Direct-Access     VBOX     HARDDISK         1.0  PQ: 0 ANSI: 5
[    3.400126] scsi target2:0:1: Beginning Domain Validation
[    3.412243] scsi target2:0:1: Domain Validation skipping write tests
[    3.419467] scsi target2:0:1: Ending Domain Validation
[    3.425855] scsi target2:0:1: asynchronous
[    3.443449] sd 2:0:0:0: Attached scsi generic sg0 type 0
[    3.444540] sd 2:0:0:0: [sda] 83886080 512-byte logical blocks: (42.9 GB/40.0 GiB)
[    3.450868] sd 2:0:1:0: Attached scsi generic sg1 type 0
[    3.461079] sd 2:0:1:0: [sdb] 20480 512-byte logical blocks: (10.5 MB/10.0 MiB)
[    3.474596] sd 2:0:0:0: [sda] Write Protect is off
[    3.474842] sd 2:0:1:0: [sdb] Write Protect is off
[    3.487256] sd 2:0:1:0: [sdb] Incomplete mode parameter data
[    3.487338] sd 2:0:0:0: [sda] Incomplete mode parameter data
[    3.494684] sd 2:0:1:0: [sdb] Assuming drive cache: write through
[    3.501924] sd 2:0:0:0: [sda] Assuming drive cache: write through
[    3.516421] sd 2:0:1:0: [sdb] Attached SCSI disk
[    3.527300]  sda: sda1
[    3.534005] sd 2:0:0:0: [sda] Attached SCSI disk
Begin: Loading essential drivers ... [    6.116882] raid6: sse2x1   gen()  8484 MB/s
[    6.168765] raid6: sse2x1   xor()  6144 MB/s
[    6.220139] raid6: sse2x2   gen()  9725 MB/s
[    6.272275] raid6: sse2x2   xor()  6971 MB/s
[    6.326039] raid6: sse2x4   gen() 11757 MB/s
[    6.376850] raid6: sse2x4   xor()  7364 MB/s
[    6.428145] raid6: avx2x1   gen() 16668 MB/s
[    6.480209] raid6: avx2x1   xor() 12013 MB/s
[    6.532830] raid6: avx2x2   gen() 20453 MB/s
[    6.580436] raid6: avx2x2   xor() 11483 MB/s
[    6.632634] raid6: avx2x4   gen() 13860 MB/s
[    6.684696] raid6: avx2x4   xor() 12008 MB/s
[    6.688908] raid6: using algorithm avx2x2 gen() 20453 MB/s
[    6.694194] raid6: .... xor() 11483 MB/s, rmw enabled
[    6.699198] raid6: using avx2x2 recovery algorithm
[    6.705414] xor: automatically using best checksumming function   avx       
[    6.713625] async_tx: api initialized (async)
done.
Begin: Running /scripts/init-premount ... done.
Begin: Mounting root file system ... Begin: Running /scripts/local-top ... done.
Begin: Running /scripts/local-premount ... [    6.793915] Btrfs loaded, crc32c=crc32c-intel
Scanning for Btrfs filesystems
done.
Warning: fsck not present, so skipping root file system
[    6.857643] EXT4-fs (sda1): mounted filesystem with ordered data mode. Opts: (null)
done.
Begin: Running /scripts/local-bottom ... done.
Begin: Running /scripts/init-bottom ... done.
[    7.113703] ip_tables: (C) 2000-2006 Netfilter Core Team
[    7.134054] systemd[1]: systemd 237 running in system mode. (+PAM +AUDIT +SELINUX +IMA +APPARMOR +SMACK +SYSVINIT +UTMP +LIBCRYPTSETUP +GCRYPT +GNUTLS +ACL +XZ +LZ4 +SECCOMP +BLKID +ELFUTILS +KMOD -IDN2 +IDN -PCRE2 default-hierarchy=hybrid)
[    7.150685] systemd[1]: Detected virtualization oracle.
[    7.155072] systemd[1]: Detected architecture x86-64.

Welcome to [1mUbuntu 18.04.6 LTS[0m!

[    7.176200] systemd[1]: Set hostname to <ubuntu>.
[    7.189228] systemd[1]: Initializing machine ID from random generator.
[    7.194975] systemd[1]: Installed transient /etc/machine-id file.
[    7.559920] systemd[1]: Reached target User and Group Name Lookups.
[[0;32m  OK  [0m] Reached target User and Group Name Lookups.
[    7.567925] systemd[1]: Reached target System Time Synchronized.
[[0;32m  OK  [0m] Reached target System Time Synchronized.
[    7.581138] systemd[1]: Created slice System Slice.
[[0;32m  OK  [0m] Created slice System Slice.
[    7.587352] systemd[1]: Listening on udev Control Socket.
[[0;32m  OK  [0m] Listening on udev Control Socket.
[[0;32m  OK  [0m] Listening on Journal Socket.
         Starting Set the console keyboard layout...
         Starting Uncomplicated firewall...
         Starting Create list of required st…ce nodes for the current kernel...
         Mounting Kernel Debug File System...
[[0;32m  OK  [0m] Listening on LVM2 poll daemon socket.
[[0;32m  OK  [0m] Created slice system-serial\x2dgetty.slice.
[[0;32m  OK  [0m] Listening on LVM2 metadata daemon socket.
[[0;32m  OK  [0m] Set up automount Arbitrary Executab…rmats File System Automount Point.
[[0;32m  OK  [0m] Listening on Journal Audit Socket.
         Starting Load Kernel Modules...
[[0;32m  OK  [0m] Listening on Network Service Netlink Socket.
[[0;32m  OK  [0m] Listening on Device-mapper event daemon FIFOs.
         Starting Monitoring of LVM2 mirrors…ng dmeventd or progress polling...
[[0;32m  OK  [0m] Listening on Journal Socket (/dev/log).
[[0;32m  OK  [0m] Listening on fsck to fsckd communication Socket.
[[0;32m  OK  [0m] Listening on udev Kernel Socket.
[[0;32m  OK  [0m] Created slice User and Session Slice.
[[    7.675175] Loading iSCSI transport class v2.0-870.
[0;32m  OK  [0m] Reached target Slices.
[[0;32m  OK  [0m] Listening on Syslog Socket.
         Starting Journal Service...
[[0;32m  OK  [0m] Reached target Swap.
         Mounting POSIX Message Queue File System...
         Starting udev Coldplug all Devices...
[[0;32m  OK  [0m] Reached target Mounting snaps.
[[0;32m  OK  [0m] Reached target Mounted snaps.
[[0;32m  OK  [0m] Started Forward Password Requests to Wall Directory Watch.
         Starting File System Check on Root Device...
         Mounting Huge Pages File System...
[[0;32m  OK  [0m] Listening on /dev/initctl Compatibility Named Pipe.
[[0;32m  OK  [0m] Started Uncomplicated firewall.
[[0;32m  OK  [0m] Started Create list of required sta…vice nodes for the current kernel.
[[0;32m  OK  [0m] Mounted Kernel Debug File System.
[[0;32m  OK  [0m] Mounted POSIX Message Queue File System.
[[0;32m  OK  [0m] [    7.770955] iscsi: registered transport (tcp)
Mounted Huge Pages File System.
[[0;32m  OK  [0m] Started LVM2 metadata daemon.
         Starting Create Static Device Nodes in /dev...
[[0;32m  OK  [0m] Started Journal Service.
[[0;32m  OK  [0m] Started File System Check Daemon to report status.
[[0;32m  OK  [0m] Started Create Static Device Nodes in /dev.
[[0;32m  OK  [0m] Started udev Coldplug all Devices.
[[0;32m  OK  [0m] Started Monitoring of LVM2 mirrors,…sing dmeventd or progress polling.
[    7.957801] iscsi: registered transport (iser)
[[0;32m  OK  [0m] Started Load Kernel Modules.
         Mounting Kernel Configuration File System...
         Starting Apply Kernel Variables...
         Mounting FUSE Control File System...
[[0;32m  OK  [0m] Mounted Kernel Configuration File System.
[[0;32m  OK  [0m] Started File System Check on Root Device.
[[0;32m  OK  [0m] Mounted FUSE Control File System.
         Starting Remount Root and Kernel File Systems...
[[0;32m  OK  [0m] Started Apply Kernel Variables.
[[0;32m  OK  [0m] Started Remount Root and Kernel File Systems.
         Starting udev Kernel Device Manager...
         Starting Flush Journal to Persistent Storage...
         Starting Load/Save Random Seed...
[[0;32m  OK  [0m] Started Load/Save Random Seed.
[[0;32m  OK  [0m] Started udev Kernel Device Manager.
[[0;32m  OK  [0m] Started Flush Journal to Persistent Storage.
[[0;32m  OK  [0m] Found device /dev/ttyS0.
[[0;32m  OK  [0m] Listening on Load/Save RF Kill Switch Status /dev/rfkill Watch.
         Mounting Arbitrary Executable File Formats File System...
[[0;32m  OK  [0m] Mounted Arbitrary Executable File Formats File System.
[[0;32m  OK  [0m] Started Set the console keyboard layout.
[[0;32m  OK  [0m] Started Dispatch Password Requests to Console Directory Watch.
[[0;32m  OK  [0m] Reached target Local Encrypted Volumes.
[[0;32m  OK  [0m] Reached target Local File Systems (Pre).
[[0;32m  OK  [0m] Reached target Local File Systems.
         Starting Tell Plymouth To Write Out Runtime Data...
         Starting Create Volatile Files and Directories...
         Starting Set console font and keymap...
         Starting Commit a transient machine-id on disk...
         Starting ebtables ruleset management...
         Starting AppArmor initialization...
[[0;32m  OK  [0m] Started Tell Plymouth To Write Out Runtime Data.
[[0;32m  OK  [0m] Started Create Volatile Files and Directories.
         Starting Update UTMP about System Boot/Shutdown...
[[0;32m  OK  [0m] Started Update UTMP about System Boot/Shutdown.
[[0;32m  OK  [0m] Started Commit a transient machine-id on disk.
[[0;32m  OK  [0m] Started ebtables ruleset management.
[[0;32m  OK  [0m] Started AppArmor initialization.
         Starting Initial cloud-init job (pre-networking)...
         Starting Load AppArmor profiles managed internally by snapd...
[[0;32m  OK  [0m] Started Load AppArmor profiles managed internally by snapd.
[[0;32m  OK  [0m] Started Set console font and keymap.
[   13.262832] cloud-init[818]: Cloud-init v. 23.1.2-0ubuntu0~18.04.1 running 'init-local' at Tue, 13 Aug 2024 00:14:40 +0000. Up 12.80 seconds.
[[0;32m  OK  [0m] Started Initial cloud-init job (pre-networking).
[[0;32m  OK  [0m] Reached target Network (Pre).
         Starting Network Service...
[[0;32m  OK  [0m] Started Network Service.
         Starting Network Name Resolution...
         Starting Wait for Network to be Configured...
[[0;32m  OK  [0m] Started Network Name Resolution.
[[0;32m  OK  [0m] Reached target Host and Network Name Lookups.
[[0;32m  OK  [0m] Reached target Network.
[[0;32m  OK  [0m] Started Wait for Network to be Configured.
         Starting Initial cloud-init job (metadata service crawler)...
[   15.763922] cloud-init[989]: Cloud-init v. 23.1.2-0ubuntu0~18.04.1 running 'init' at Tue, 13 Aug 2024 00:14:43 +0000. Up 15.52 seconds.
[   15.774178] cloud-init[989]: ci-info: ++++++++++++++++++++++++++++++++++++++Net device info++++++++++++++++++++++++++++++++++++++
[   15.789655] cloud-init[989]: ci-info: +--------+------+----------------------------+---------------+--------+-------------------+
[   15.795575] cloud-init[989]: ci-info: | Device |  Up  |          Address           |      Mask     | Scope  |     Hw-Address    |
[   15.801550] cloud-init[989]: ci-info: +--------+------+----------------------------+---------------+--------+-------------------+
[   15.809479] cloud-init[989]: ci-info: | enp0s3 | True |         10.0.2.15          | 255.255.255.0 | global | 02:3b:7b:b7:3b:2d |
[   15.818284] cloud-init[989]: ci-info: | enp0s3 | True | fe80::3b:7bff:feb7:3b2d/64 |       .       |  link  | 02:3b:7b:b7:3b:2d |
[   15.826655] cloud-init[989]: ci-info: |   lo   | True |         127.0.0.1          |   255.0.0.0   |  host  |         .         |
[   15.835457] cloud-init[989]: ci-info: |   lo   | True |          ::1/128           |       .       |  host  |         .         |
[   15.843526] cloud-init[989]: ci-info: +--------+------+----------------------------+---------------+--------+-------------------+
[   15.852948] cloud-init[989]: ci-info: ++++++++++++++++++++++++++++Route IPv4 info+++++++++++++++++++++++++++++
[   15.860681] cloud-init[989]: ci-info: +-------+-------------+----------+-----------------+-----------+-------+
[   15.869258] cloud-init[989]: ci-info: | Route | Destination | Gateway  |     Genmask     | Interface | Flags |
[   15.877901] cloud-init[989]: ci-info: +-------+-------------+----------+-----------------+-----------+-------+
[   15.888961] cloud-init[989]: ci-info: |   0   |   0.0.0.0   | 10.0.2.2 |     0.0.0.0     |   enp0s3  |   UG  |
[   15.895091] cloud-init[989]: ci-info: |   1   |   10.0.2.0  | 0.0.0.0  |  255.255.255.0  |   enp0s3  |   U   |
[   15.902523] cloud-init[989]: ci-info: |   2   |   10.0.2.2  | 0.0.0.0  | 255.255.255.255 |   enp0s3  |   UH  |
[   15.909843] cloud-init[989]: ci-info: +-------+-------------+----------+-----------------+-----------+-------+
[   15.917683] cloud-init[989]: ci-info: +++++++++++++++++++Route IPv6 info+++++++++++++++++++
[   15.923705] cloud-init[989]: ci-info: +-------+-------------+---------+-----------+-------+
[   15.929246] cloud-init[989]: ci-info: | Route | Destination | Gateway | Interface | Flags |
[   15.935687] cloud-init[989]: ci-info: +-------+-------------+---------+-----------+-------+
[   15.942215] cloud-init[989]: ci-info: |   1   |  fe80::/64  |    ::   |   enp0s3  |   U   |
[   15.948215] cloud-init[989]: ci-info: |   3   |    local    |    ::   |   enp0s3  |   U   |
[   15.956901] cloud-init[989]: ci-info: |   4   |   ff00::/8  |    ::   |   enp0s3  |   U   |
[   15.965022] cloud-init[989]: ci-info: +-------+-------------+---------+-----------+-------+
[   17.045729] cloud-init[989]: Generating public/private rsa key pair.
[   17.051076] cloud-init[989]: Your identification has been saved in /etc/ssh/ssh_host_rsa_key.
[   17.057077] cloud-init[989]: Your public key has been saved in /etc/ssh/ssh_host_rsa_key.pub.
[   17.062788] cloud-init[989]: The key fingerprint is:
[   17.068123] cloud-init[989]: SHA256:Gv+jWH4xy4CyXUS0P5I5wZ0y2m+zCumsJA4/68voC7w root@ubuntu-bionic
[   17.073800] cloud-init[989]: The key's randomart image is:
[   17.078588] cloud-init[989]: +---[RSA 2048]----+
[   17.083188] cloud-init[989]: |       ..        |
[   17.088171] cloud-init[989]: |       ..o .     |
[   17.093207] cloud-init[989]: |       .* o      |
[   17.097904] cloud-init[989]: |       o.B       |
[   17.102772] cloud-init[989]: |      ooS o      |
[   17.107407] cloud-init[989]: |.   . .=o+o.     |
[   17.112183] cloud-init[989]: |o.. .++.oo++     |
[   17.116897] cloud-init[989]: |.*oo.o.= o=o     |
[   17.121832] cloud-init[989]: |oEO+..+ ++o.     |
[   17.126280] cloud-init[989]: +----[SHA256]-----+
[   17.130825] cloud-init[989]: Generating public/private dsa key pair.
[   17.136503] cloud-init[989]: Your identification has been saved in /etc/ssh/ssh_host_dsa_key.
[   17.142664] cloud-init[989]: Your public key has been saved in /etc/ssh/ssh_host_dsa_key.pub.
[   17.149492] cloud-init[989]: The key fingerprint is:
[   17.154949] cloud-init[[0;32m  OK  [0m] Started Initial cloud-init job (metadata service crawler).
[[0;32m  OK  [0m] Reached target Network is Online.
[989]: SHA256:4go5JjAd/ySNxFT3PPZztidV9FdYrZ4PdggM0IAs3gg root@ubuntu-bionic
         Starting Availability of block devices...
[[0;32m  OK  [0m] Reached target Remote File Systems (Pre).
[[0;32m  OK  [0m] Reached target Remote File Systems.
[[0;32m  OK  [0m] Reached target System Initialization.
[   17.168628] cloud-init[989]: The key's randomart image is:
[   17.180169] cloud-init[989]: +---[DSA 1024]----+
         Starting LXD - unix socket.
[[0;32m  OK  [0m] Started Daily apt download activities.
[[0;32m  OK  [0m] Started Daily apt upgrade and clean activities.
[[0;32m  OK  [0m] Started Message of the Day.
[[0;32m  OK  [0m] Listening on D-Bus System Message Bus Socket.
[[0;32m  OK  [0m] Listening on UUID daemon activation socket.
[[0;32m  OK  [0m] Started Daily Cleanup of Temporary Directories.
         Starting Socket activation for snappy daemon.
[[0;32m  OK  [0m] Started Ubuntu Advantage Timer for running repeated jobs.
[[0;32m  OK  [0m] Listening on cloud-init hotplug hook socket.
[[0;32m  OK  [0m] Started Discard unused blocks once a week.
[[0;32m  OK  [0m] Reached target Timers.
[[0;32m  OK  [0m] Listening on Open-iSCSI iscsid Socket.
[   17.187551] cloud-init[989]: |    .o..++     o=|
[[0;32m  OK  [0m] Started ACPI Events Check.
[[0;32m  OK  [0m] Reached target Paths.
[   17.229029] cloud-init[989]: |  Eo. o. oo   ..+|
[[0;32m  OK  [0m] Listening on ACPID Listen Socket.
[[0;32m  OK  [0m] Reached target Cloud-config availability.
[[0;32m  OK  [0m] Started Availability of block devices.
[[0;32m  OK  [0m] Listening on LXD - unix socket.
[[0;32m  OK  [0m] Listening on Socket activation for snappy daemon.
[[0;32m  OK  [0m] Reached target Sockets.
[[0;32m  OK  [0m] Reached target Basic System.
[   17.238375] cloud-init[989]: |  .oo+    =o   .+|
[   17.252771] cloud-init[989]: | . +oo.  . oo . o|
[   17.253998] cloud-init[989]: |o . + + S   oooo.|
[   17.255291] cloud-init[989]: |.. . = .     +*o.|
[   17.255891] cloud-init[989]: |. =   o      .o+.|
[   17.256710] cloud-init[989]: | o o .         o.|
[   17.258879] cloud-init[989]: |    .            |
[   17.259986] cloud-init[989]: +----[SHA256]-----+
[   17.260536] cloud-init[989]: Generating public/private ecdsa key pair.
[   17.261985] cloud-init[989]: Your identification has been saved in /etc/ssh/ssh_host_ecdsa_key.
[   17.262186] cloud-init[989]: Your public key has been saved in /etc/ssh/ssh_host_ecdsa_key.pub.
         Starting Login Service...
[[0;32m  OK  [0m] Started Regular background program processing daemon.
[[0;32m  OK  [0m] Started D-Bus System Message Bus.
[   17.263416] cloud-init[989]: The key fingerprint is:
[   17.296075] cloud-init[989]: SHA256:rQo6J7JbItqBs5K9JkFKYxV8XFZkegFoPB95V8U4JEs root@ubuntu-bionic
[   17.301657] cloud-init[989]: The key's randomart image is:
[   17.305264] cloud-init[989]: +---[ECDSA 256]---+
[   17.325115] cloud-init[989]: |  ..+ o+== Eoo+. |
[   17.327859] cloud-init[989]: |   o B.oo.o.oo . |
[   17.331022] cloud-init[989]: |  . o o.o...  .  |
[   17.365401] cloud-init[989]: | =     ...       |
[   17.373040] cloud-init[989]: |= .     S .      |
[   17.379736] cloud-init[989]: |o.       .       |
[   17.387845] cloud-init[989]: |=+o .   .        |
[   17.396033] cloud-init[989]: |B*=o.. .         |
[   17.406423] cloud-init[989]: |**+=  .          |
[   17.420959] cloud-init[989]: +----[SHA256]-----+
[   17.448737] cloud-init[989]: Generating public/private ed25519 key pair.
[   17.456490] cloud-init[989]: Your identification has been saved in /etc/ssh/ssh_host_ed25519_key.
         Starting System Logging Service...
[   17.480745] cloud-init[989]: Your public key has been saved in /etc/ssh/ssh_host_ed25519_key.pub.
[[0;32m  OK  [0m] [   17.496512] cloud-init[989]: The key fingerprint is:
Started Deferred execution scheduler.
[   17.496703] cloud-init[989]: SHA256:D80zytr3tnbFtsfP4XBFuFcdpNAkg5KeXi3oP429Npc root@ubuntu-bionic
[   17.505340] cloud-init[989]: The key's randomart image is:
[   17.507897] cloud-init[989]: +--[ED25519 256]--+
[   17.524443] cloud-init[989]: |        . .+o..o |
[   17.543278] cloud-init[989]: |       o .  +...o|
[   17.546052] cloud-init[989]: |      . + .  .. +|
[   17.548949] cloud-init[989]: |       + = .   o.|
[   17.553160] cloud-init[989]: |      o S *   ..o|
[   17.555521] cloud-init[989]: |       + + o   .=|
[   17.557884] cloud-init[989]: |        + =  ..*.|
         Starting Dispatcher daemon for systemd-networkd...
[   17.563918] cloud-init[989]: |       o +.=oE=o+|
[[0;32m  OK  [0m] Started irqbalance daemon.
         Starting LSB: Record successful boot for GRUB...
[   17.582421] cloud-init[989]: |      . ..o=*o .=|
[   17.591071] cloud-init[989]: +----[SHA256]-----+
         Starting Pollinate to seed the pseudo random number generator...
         Starting Permit User Sessions...
[[0;32m  OK  [0m] Reached target Login Prompts (Pre).
         Starting Accounts Service...
         Starting Snap Daemon...
[[0;32m  OK  [0m] Started FUSE filesystem for LXC.
         Starting LSB: automatic crash report generation...
         Starting Virtualbox guest utils...
         Starting LXD - container startup/shutdown...
[[0;32m  OK  [0m] Started System Logging Service.
[[0;32m  OK  [0m] Started Permit User Sessions.
[[0;32m  OK  [0m] Started Login Service.
[[0;32m  OK  [0m] Started Unattended Upgrades Shutdown.
         Starting Terminate Plymouth Boot Screen...
         Starting Hold until boot process finishes up...
[[0;32m  OK  [0m] Started Hold until boot process finishes up.
[[0;32m  OK  [0m] Started Serial Getty on ttyS0.
         Starting Set console scheme...
[[0;32m  OK  [0m] Started Terminate Plymouth Boot Screen.
[[0;32m  OK  [0m] Started Set console scheme.
[[0;32m  OK  [0m] Created slice system-getty.slice.
[[0;32m  OK  [0m] Started Getty on tty1.
[[0;32m  OK  [0m] Reached target Login Prompts.
[[0;32m  OK  [0m] Started LSB: automatic crash report generation.
         Starting Authorization Manager...
[[0;32m  OK  [0m] Started LSB: Record successful boot for GRUB.
[[0;32m  OK  [0m] Started Virtualbox guest utils.
[[0;32m  OK  [0m] Started Authorization Manager.
[[0;32m  OK  [0m] Started Accounts Service.
[[0;32m  OK  [0m] Started LXD - container startup/shutdown.
[[0;32m  OK  [0m] Started Dispatcher daemon for systemd-networkd.
[[0;32m  OK  [0m] Started Snap Daemon.
         Starting Wait until snapd is fully seeded...
[[0;32m  OK  [0m] Started Pollinate to seed the pseudo random number generator.
         Starting OpenBSD Secure Shell server...
[[0;32m  OK  [0m] Started OpenBSD Secure Shell server.
[[0;32m  OK  [0m] Created slice User Slice of vagrant.
         Starting User Manager for UID 1000...
[[0;32m  OK  [0m] Started Session 1 of user vagrant.
[[0;32m  OK  [0m] Started User Manager for UID 1000.
         Starting Time & Date Service...
[[0;32m  OK  [0m] Started Time & Date Service.

Ubuntu 18.04.6 LTS ubuntu-bionic ttyS0

ubuntu-bionic login: [   25.055451] cloud-init[1670]: Cloud-init v. 23.1.2-0ubuntu0~18.04.1 running 'modules:config' at Tue, 13 Aug 2024 00:14:52 +0000. Up 24.36 seconds.
ci-info: no authorized SSH keys fingerprints found for user ubuntu.
<14>Aug 13 00:14:53 cloud-init: #############################################################
<14>Aug 13 00:14:53 cloud-init: -----BEGIN SSH HOST KEY FINGERPRINTS-----
<14>Aug 13 00:14:53 cloud-init: 1024 SHA256:4go5JjAd/ySNxFT3PPZztidV9FdYrZ4PdggM0IAs3gg root@ubuntu-bionic (DSA)
<14>Aug 13 00:14:53 cloud-init: 256 SHA256:rQo6J7JbItqBs5K9JkFKYxV8XFZkegFoPB95V8U4JEs root@ubuntu-bionic (ECDSA)
<14>Aug 13 00:14:53 cloud-init: 256 SHA256:D80zytr3tnbFtsfP4XBFuFcdpNAkg5KeXi3oP429Npc root@ubuntu-bionic (ED25519)
<14>Aug 13 00:14:53 cloud-init: 2048 SHA256:Gv+jWH4xy4CyXUS0P5I5wZ0y2m+zCumsJA4/68voC7w root@ubuntu-bionic (RSA)
<14>Aug 13 00:14:53 cloud-init: -----END SSH HOST KEY FINGERPRINTS-----
<14>Aug 13 00:14:53 cloud-init: #############################################################
-----BEGIN SSH HOST KEY KEYS-----
ecdsa-sha2-nistp256 AAAAE2VjZHNhLXNoYTItbmlzdHAyNTYAAAAIbmlzdHAyNTYAAABBBB070K3Bl0JA9vszEvbjmun0Qm7P6sCnY49L/eqvH1DL3nR78AokJjxlo6IqkE0WGDDuENwkB0wHC9+YRC93jFM= root@ubuntu-bionic
ssh-ed25519 AAAAC3NzaC1lZDI1NTE5AAAAIPR32OykDY13qWyPUd5zaaSP4Ifaa4dW+sNQOxCnx5qp root@ubuntu-bionic
ssh-rsa AAAAB3NzaC1yc2EAAAADAQABAAABAQCfIcSgG5AFMlqvzeLPppylMU0FLMQWZ3FmxsjrH2UsmjvrhK49wsBdO/RylxIqfSCs4MwIp5UTlCTjiCSrJ/O1KW4NfTvY2EtDzQpLbuIYqxSptaFB+xAtOZaNEi/AXlgD/B+HJ+0XhYQzB3pJLK9BxUL7aWW8cMOCvIF2BWaQ9y060dzgUpYyMl3AD0aHrUL/sYsuWOBawPtyTDF5KbcMGXaSSOcSdObKdItXDGBPOK7juLlR0AXejigjrL2MfOY6e37QmhBztW2Yq7d8Q+dRm882lTkCz2U5Y0SpzblFKRS5GiyoxsgzY+AFtn89GeB2GzTr1fY3f6YY/U9uALw/ root@ubuntu-bionic
-----END SSH HOST KEY KEYS-----
[   26.184309] cloud-init[1900]: Cloud-init v. 23.1.2-0ubuntu0~18.04.1 running 'modules:final' at Tue, 13 Aug 2024 00:14:53 +0000. Up 25.88 seconds.
[   26.191502] cloud-init[1900]: Cloud-init v. 23.1.2-0ubuntu0~18.04.1 finished at Tue, 13 Aug 2024 00:14:53 +0000. Datasource DataSourceNoCloud [seed=/dev/sdb][dsmode=net].  Up 26.14 seconds
