[    0.000000] Linux version 4.15.0-212-generic (buildd@lcy02-amd64-083) (gcc version 7.5.0 (Ubuntu 7.5.0-3ubuntu1~18.04)) #223-Ubuntu SMP Tue May 23 13:09:22 UTC 2023 (Ubuntu 4.15.0-212.223-generic 4.15.18)
[    0.000000] Command line: BOOT_IMAGE=/boot/vmlinuz-4.15.0-212-generic root=LABEL=cloudimg-rootfs ro console=tty1 console=ttyS0
[    0.000000] KERNEL supported cpus:
[    0.000000]   Intel GenuineIntel
[    0.000000]   AMD AuthenticAMD
[    0.000000]   Centaur CentaurHauls
[    0.000000] x86/fpu: Supporting XSAVE feature 0x001: 'x87 floating point registers'
[    0.000000] x86/fpu: Supporting XSAVE feature 0x002: 'SSE registers'
[    0.000000] x86/fpu: Supporting XSAVE feature 0x004: 'AVX registers'
[    0.000000] x86/fpu: xstate_offset[2]:  576, xstate_sizes[2]:  256
[    0.000000] x86/fpu: Enabled xstate features 0x7, context size is 832 bytes, using 'standard' format.
[    0.000000] e820: BIOS-provided physical RAM map:
[    0.000000] BIOS-e820: [mem 0x0000000000000000-0x000000000009fbff] usable
[    0.000000] BIOS-e820: [mem 0x000000000009fc00-0x000000000009ffff] reserved
[    0.000000] BIOS-e820: [mem 0x00000000000f0000-0x00000000000fffff] reserved
[    0.000000] BIOS-e820: [mem 0x0000000000100000-0x000000003ffeffff] usable
[    0.000000] BIOS-e820: [mem 0x000000003fff0000-0x000000003fffffff] ACPI data
[    0.000000] BIOS-e820: [mem 0x00000000fec00000-0x00000000fec00fff] reserved
[    0.000000] BIOS-e820: [mem 0x00000000fee00000-0x00000000fee00fff] reserved
[    0.000000] BIOS-e820: [mem 0x00000000fffc0000-0x00000000ffffffff] reserved
[    0.000000] NX (Execute Disable) protection: active
[    0.000000] SMBIOS 2.5 present.
[    0.000000] DMI: innotek GmbH VirtualBox/VirtualBox, BIOS VirtualBox 12/01/2006
[    0.000000] Hypervisor detected: KVM
[    0.000000] e820: last_pfn = 0x3fff0 max_arch_pfn = 0x400000000
[    0.000000] MTRR: Disabled
[    0.000000] x86/PAT: MTRRs disabled, skipping PAT initialization too.
[    0.000000] CPU MTRRs all blank - virtualized system.
[    0.000000] x86/PAT: Configuration [0-7]: WB  WT  UC- UC  WB  WT  UC- UC  
[    0.000000] found SMP MP-table at [mem 0x0009fff0-0x0009ffff]
[    0.000000] Scanning 1 areas for low memory corruption
[    0.000000] RAMDISK: [mem 0x359cb000-0x36cdcfff]
[    0.000000] ACPI: Early table checksum verification disabled
[    0.000000] ACPI: RSDP 0x00000000000E0000 000024 (v02 VBOX  )
[    0.000000] ACPI: XSDT 0x000000003FFF0030 00003C (v01 VBOX   VBOXXSDT 00000001 ASL  00000061)
[    0.000000] ACPI: FACP 0x000000003FFF00F0 0000F4 (v04 VBOX   VBOXFACP 00000001 ASL  00000061)
[    0.000000] ACPI: DSDT 0x000000003FFF0610 002353 (v02 VBOX   VBOXBIOS 00000002 INTL 20210930)
[    0.000000] ACPI: FACS 0x000000003FFF0200 000040
[    0.000000] ACPI: FACS 0x000000003FFF0200 000040
[    0.000000] ACPI: APIC 0x000000003FFF0240 00005C (v02 VBOX   VBOXAPIC 00000001 ASL  00000061)
[    0.000000] ACPI: SSDT 0x000000003FFF02A0 00036C (v01 VBOX   VBOXCPUT 00000002 INTL 20210930)
[    0.000000] ACPI: Reserving FACP table memory at [mem 0x3fff00f0-0x3fff01e3]
[    0.000000] ACPI: Reserving DSDT table memory at [mem 0x3fff0610-0x3fff2962]
[    0.000000] ACPI: Reserving FACS table memory at [mem 0x3fff0200-0x3fff023f]
[    0.000000] ACPI: Reserving FACS table memory at [mem 0x3fff0200-0x3fff023f]
[    0.000000] ACPI: Reserving APIC table memory at [mem 0x3fff0240-0x3fff029b]
[    0.000000] ACPI: Reserving SSDT table memory at [mem 0x3fff02a0-0x3fff060b]
[    0.000000] No NUMA configuration found
[    0.000000] Faking a node at [mem 0x0000000000000000-0x000000003ffeffff]
[    0.000000] NODE_DATA(0) allocated [mem 0x3ffc5000-0x3ffeffff]
[    0.000000] kvm-clock: cpu 0, msr 0:3ff44001, primary cpu clock
[    0.000000] kvm-clock: Using msrs 4b564d01 and 4b564d00
[    0.000000] kvm-clock: using sched offset of 3971013763 cycles
[    0.000000] clocksource: kvm-clock: mask: 0xffffffffffffffff max_cycles: 0x1cd42e4dffb, max_idle_ns: 881590591483 ns
[    0.000000] Zone ranges:
[    0.000000]   DMA      [mem 0x0000000000001000-0x0000000000ffffff]
[    0.000000]   DMA32    [mem 0x0000000001000000-0x000000003ffeffff]
[    0.000000]   Normal   empty
[    0.000000]   Device   empty
[    0.000000] Movable zone start for each node
[    0.000000] Early memory node ranges
[    0.000000]   node   0: [mem 0x0000000000001000-0x000000000009efff]
[    0.000000]   node   0: [mem 0x0000000000100000-0x000000003ffeffff]
[    0.000000] Reserved but unavailable: 104 pages
[    0.000000] Initmem setup node 0 [mem 0x0000000000001000-0x000000003ffeffff]
[    0.000000] ACPI: PM-Timer IO Port: 0x4008
[    0.000000] IOAPIC[0]: apic_id 2, version 32, address 0xfec00000, GSI 0-23
[    0.000000] ACPI: INT_SRC_OVR (bus 0 bus_irq 0 global_irq 2 dfl dfl)
[    0.000000] ACPI: INT_SRC_OVR (bus 0 bus_irq 9 global_irq 9 low level)
[    0.000000] Using ACPI (MADT) for SMP configuration information
[    0.000000] smpboot: Allowing 2 CPUs, 0 hotplug CPUs
[    0.000000] PM: Registered nosave memory: [mem 0x00000000-0x00000fff]
[    0.000000] PM: Registered nosave memory: [mem 0x0009f000-0x0009ffff]
[    0.000000] PM: Registered nosave memory: [mem 0x000a0000-0x000effff]
[    0.000000] PM: Registered nosave memory: [mem 0x000f0000-0x000fffff]
[    0.000000] e820: [mem 0x40000000-0xfebfffff] available for PCI devices
[    0.000000] Booting paravirtualized kernel on KVM
[    0.000000] clocksource: refined-jiffies: mask: 0xffffffff max_cycles: 0xffffffff, max_idle_ns: 7645519600211568 ns
[    0.000000] setup_percpu: NR_CPUS:8192 nr_cpumask_bits:2 nr_cpu_ids:2 nr_node_ids:1
[    0.000000] percpu: Embedded 50 pages/cpu s167936 r8192 d28672 u1048576
[    0.000000] PV qspinlock hash table entries: 256 (order: 0, 4096 bytes)
[    0.000000] Built 1 zonelists, mobility grouping on.  Total pages: 257913
[    0.000000] Policy zone: DMA32
[    0.000000] Kernel command line: BOOT_IMAGE=/boot/vmlinuz-4.15.0-212-generic root=LABEL=cloudimg-rootfs ro console=tty1 console=ttyS0
[    0.000000] Memory: 982644K/1048120K available (12300K kernel code, 2477K rwdata, 4324K rodata, 2480K init, 2720K bss, 65476K reserved, 0K cma-reserved)
[    0.000000] SLUB: HWalign=64, Order=0-3, MinObjects=0, CPUs=2, Nodes=1
[    0.000000] Kernel/User page tables isolation: enabled
[    0.000000] ftrace: allocating 39508 entries in 155 pages
[    0.004000] Hierarchical RCU implementation.
[    0.004000] 	RCU restricting CPUs from NR_CPUS=8192 to nr_cpu_ids=2.
[    0.004000] 	Tasks RCU enabled.
[    0.004000] RCU: Adjusting geometry for rcu_fanout_leaf=16, nr_cpu_ids=2
[    0.004000] NR_IRQS: 524544, nr_irqs: 440, preallocated irqs: 16
[    0.004000] random: crng init done
[    0.004000] Console: colour VGA+ 80x25
[    0.004000] console [tty1] enabled
[    0.004000] console [ttyS0] enabled
[    0.004000] ACPI: Core revision 20170831
[    0.004000] ACPI: 2 ACPI AML tables successfully acquired and loaded
[    0.004000] APIC: Switch to symmetric I/O mode setup
[    0.006153] x2apic enabled
[    0.008025] Switched APIC routing to physical x2apic.
[    0.016000] ..TIMER: vector=0x30 apic1=0 pin1=2 apic2=-1 pin2=-1
[    0.016003] tsc: Detected 1399.784 MHz processor
[    0.020013] Calibrating delay loop (skipped) preset value.. 2799.56 BogoMIPS (lpj=5599136)
[    0.024004] pid_max: default: 32768 minimum: 301
[    0.028052] Security Framework initialized
[    0.032004] Yama: becoming mindful.
[    0.035077] AppArmor: AppArmor initialized
[    0.040525] Dentry cache hash table entries: 131072 (order: 8, 1048576 bytes)
[    0.044989] Inode-cache hash table entries: 65536 (order: 7, 524288 bytes)
[    0.048054] Mount-cache hash table entries: 2048 (order: 2, 16384 bytes)
[    0.052041] Mountpoint-cache hash table entries: 2048 (order: 2, 16384 bytes)
[    0.057742] Last level iTLB entries: 4KB 64, 2MB 8, 4MB 8
[    0.060004] Last level dTLB entries: 4KB 64, 2MB 0, 4MB 0, 1GB 4
[    0.064024] Spectre V1 : Mitigation: usercopy/swapgs barriers and __user pointer sanitization
[    0.068004] Spectre V2 : Mitigation: Retpolines
[    0.072003] Spectre V2 : Spectre v2 / SpectreRSB mitigation: Filling RSB on context switch
[    0.076002] Spectre V2 : Spectre v2 / SpectreRSB : Filling RSB on VMEXIT
[    0.080003] RETBleed: WARNING: Spectre v2 mitigation leaves CPU vulnerable to RETBleed attacks, data leaks possible!
[    0.084003] RETBleed: Vulnerable
[    0.088003] Speculative Store Bypass: Vulnerable
[    0.092142] MDS: Mitigation: Clear CPU buffers
[    0.096003] MMIO Stale Data: Mitigation: Clear CPU buffers
[    0.100030] SRBDS: Unknown: Dependent on hypervisor status
[    0.104243] Freeing SMP alternatives memory: 36K
[    0.225484] APIC calibration not consistent with PM-Timer: 101ms instead of 100ms
[    0.228000] APIC delta adjusted to PM-Timer: 6272976 (6394632)
[    0.228342] smpboot: CPU0: Intel(R) Core(TM) i5-8257U CPU @ 1.40GHz (family: 0x6, model: 0x8e, stepping: 0xa)
[    0.236172] Performance Events: unsupported p6 CPU model 142 no PMU driver, software events only.
[    0.240126] Hierarchical SRCU implementation.
[    0.244915] NMI watchdog: Perf event create on CPU 0 failed with -2
[    0.248007] NMI watchdog: Perf NMI watchdog permanently disabled
[    0.252265] smp: Bringing up secondary CPUs ...
[    0.256661] x86: Booting SMP configuration:
[    0.260005] .... node  #0, CPUs:      #1
[    0.004000] kvm-clock: cpu 1, msr 0:3ff44041, secondary cpu clock
[    0.268146] smp: Brought up 1 node, 2 CPUs
[    0.272011] smpboot: Max logical packages: 1
[    0.275623] smpboot: Total of 2 processors activated (5599.13 BogoMIPS)
[    0.276300] devtmpfs: initialized
[    0.280093] x86/mm: Memory block size: 128MB
[    0.284300] evm: security.selinux
[    0.287216] evm: security.SMACK64
[    0.288003] evm: security.SMACK64EXEC
[    0.292003] evm: security.SMACK64TRANSMUTE
[    0.296003] evm: security.SMACK64MMAP
[    0.300003] evm: security.apparmor
[    0.302885] evm: security.ima
[    0.304003] evm: security.capability
[    0.308302] clocksource: jiffies: mask: 0xffffffff max_cycles: 0xffffffff, max_idle_ns: 7645041785100000 ns
[    0.312014] futex hash table entries: 512 (order: 3, 32768 bytes)
[    0.316136] pinctrl core: initialized pinctrl subsystem
[    0.320479] RTC time: 23:09:36, date: 08/12/24
[    0.328254] NET: Registered protocol family 16
[    0.332000] audit: initializing netlink subsys (disabled)
[    0.332100] audit: type=2000 audit(1723504181.517:1): state=initialized audit_enabled=0 res=1
[    0.336000] cpuidle: using governor ladder
[    0.336045] cpuidle: using governor menu
[    0.340069] ACPI: bus type PCI registered
[    0.343501] acpiphp: ACPI Hot Plug PCI Controller Driver version: 0.5
[    0.344459] PCI: Using configuration type 1 for base access
[    0.352225] HugeTLB registered 2.00 MiB page size, pre-allocated 0 pages
[    0.360217] ACPI: Added _OSI(Module Device)
[    0.364000] ACPI: Added _OSI(Processor Device)
[    0.364000] ACPI: Added _OSI(3.0 _SCP Extensions)
[    0.364000] ACPI: Added _OSI(Processor Aggregator Device)
[    0.364000] ACPI: Added _OSI(Linux-Dell-Video)
[    0.364005] ACPI: Added _OSI(Linux-Lenovo-NV-HDMI-Audio)
[    0.368000] ACPI: Added _OSI(Linux-HPI-Hybrid-Graphics)
[    0.368632] ACPI: Executed 1 blocks of module-level executable AML code
[    0.375442] ACPI: Interpreter enabled
[    0.380018] ACPI: (supports S0 S5)
[    0.380018] ACPI: Using IOAPIC for interrupt routing
[    0.384000] PCI: Using host bridge windows from ACPI; if necessary, use "pci=nocrs" and report a bug
[    0.384000] ACPI: Enabled 2 GPEs in block 00 to 07
[    0.392298] ACPI: PCI Root Bridge [PCI0] (domain 0000 [bus 00-ff])
[    0.396000] acpi PNP0A03:00: _OSC: OS supports [ASPM ClockPM Segments MSI]
[    0.397020] acpi PNP0A03:00: _OSC: not requesting OS control; OS requires [ExtendedConfig ASPM ClockPM MSI]
[    0.404022] acpi PNP0A03:00: fail to add MMCONFIG information, can't access extended PCI configuration space under this bridge.
[    0.412919] PCI host bridge to bus 0000:00
[    0.416007] pci_bus 0000:00: root bus resource [io  0x0000-0x0cf7 window]
[    0.416009] pci_bus 0000:00: root bus resource [io  0x0d00-0xffff window]
[    0.420000] pci_bus 0000:00: root bus resource [mem 0x000a0000-0x000bffff window]
[    0.428005] pci_bus 0000:00: root bus resource [mem 0x40000000-0xfdffffff window]
[    0.432017] pci_bus 0000:00: root bus resource [bus 00-ff]
[    0.445313] pci 0000:00:01.1: legacy IDE quirk: reg 0x10: [io  0x01f0-0x01f7]
[    0.452004] pci 0000:00:01.1: legacy IDE quirk: reg 0x14: [io  0x03f6]
[    0.456000] pci 0000:00:01.1: legacy IDE quirk: reg 0x18: [io  0x0170-0x0177]
[    0.456004] pci 0000:00:01.1: legacy IDE quirk: reg 0x1c: [io  0x0376]
[    0.525476] pci 0000:00:07.0: quirk: [io  0x4000-0x403f] claimed by PIIX4 ACPI
[    0.536044] pci 0000:00:07.0: quirk: [io  0x4100-0x410f] claimed by PIIX4 SMB
[    0.565272] ACPI: PCI Interrupt Link [LNKA] (IRQs 5 9 10 *11)
[    0.576345] ACPI: PCI Interrupt Link [LNKB] (IRQs 5 9 *10 11)
[    0.588270] ACPI: PCI Interrupt Link [LNKC] (IRQs 5 *9 10 11)
[    0.596257] ACPI: PCI Interrupt Link [LNKD] (IRQs 5 9 10 *11)
[    0.596608] SCSI subsystem initialized
[    0.600128] pci 0000:00:02.0: vgaarb: setting as boot VGA device
[    0.604000] pci 0000:00:02.0: vgaarb: VGA device added: decodes=io+mem,owns=io+mem,locks=none
[    0.620007] pci 0000:00:02.0: vgaarb: bridge control possible
[    0.624000] vgaarb: loaded
[    0.624000] ACPI: bus type USB registered
[    0.624024] usbcore: registered new interface driver usbfs
[    0.628025] usbcore: registered new interface driver hub
[    0.636013] usbcore: registered new device driver usb
[    0.644086] EDAC MC: Ver: 3.0.0
[    0.652767] PCI: Using ACPI for IRQ routing
[    0.660252] NetLabel: Initializing
[    0.668003] NetLabel:  domain hash size = 128
[    0.672003] NetLabel:  protocols = UNLABELED CIPSOv4 CALIPSO
[    0.680090] NetLabel:  unlabeled traffic allowed by default
[    0.684229] clocksource: Switched to clocksource kvm-clock
[    0.693095] VFS: Disk quotas dquot_6.6.0
[    0.719394] VFS: Dquot-cache hash table entries: 512 (order 0, 4096 bytes)
[    0.725566] AppArmor: AppArmor Filesystem Enabled
[    0.730052] pnp: PnP ACPI init
[    0.737673] pnp: PnP ACPI: found 3 devices
[    0.748688] clocksource: acpi_pm: mask: 0xffffff max_cycles: 0xffffff, max_idle_ns: 2085701024 ns
[    0.757101] NET: Registered protocol family 2
[    0.761549] IP idents hash table entries: 16384 (order: 5, 131072 bytes)
[    0.768222] TCP established hash table entries: 8192 (order: 4, 65536 bytes)
[    0.772118] TCP bind hash table entries: 8192 (order: 5, 131072 bytes)
[    0.780472] TCP: Hash tables configured (established 8192 bind 8192)
[    0.784222] UDP hash table entries: 512 (order: 2, 16384 bytes)
[    0.792258] UDP-Lite hash table entries: 512 (order: 2, 16384 bytes)
[    0.796190] NET: Registered protocol family 1
[    0.802303] pci 0000:00:00.0: Limiting direct PCI/PCI transfers
[    0.807557] pci 0000:00:01.0: Activating ISA DMA hang workarounds
[    0.813047] pci 0000:00:02.0: Video device with shadowed ROM at [mem 0x000c0000-0x000dffff]
[    0.820462] Unpacking initramfs...
[    1.260136] Freeing initrd memory: 19528K
[    1.265153] clocksource: tsc: mask: 0xffffffffffffffff max_cycles: 0x142d5441bcd, max_idle_ns: 440795220739 ns
[    1.268926] platform rtc_cmos: registered platform RTC device (no PNP device found)
[    1.281592] Scanning for low memory corruption every 60 seconds
[    1.289316] Initialise system trusted keyrings
[    1.292749] Key type blacklist registered
[    1.297740] workingset: timestamp_bits=36 max_order=18 bucket_order=0
[    1.306172] zbud: loaded
[    1.310361] squashfs: version 4.0 (2009/01/31) Phillip Lougher
[    1.316466] fuse init (API version 7.26)
[    1.328794] Key type asymmetric registered
[    1.332747] Asymmetric key parser 'x509' registered
[    1.337336] Block layer SCSI generic (bsg) driver version 0.4 loaded (major 246)
[    1.344184] io scheduler noop registered
[    1.348084] io scheduler deadline registered
[    1.348084] io scheduler cfq registered (default)
[    1.357952] ACPI: AC Adapter [AC] (off-line)
[    1.361166] input: Power Button as /devices/LNXSYSTM:00/LNXPWRBN:00/input/input0
[    1.369319] ACPI: Power Button [PWRF]
[    1.373014] input: Sleep Button as /devices/LNXSYSTM:00/LNXSLPBN:00/input/input1
[    1.379602] ACPI: Sleep Button [SLPF]
[    1.384236] Serial: 8250/16550 driver, 32 ports, IRQ sharing enabled
[    1.386797] ACPI: Battery Slot [BAT0] (battery present)
[    1.421989] 00:02: ttyS0 at I/O 0x3f8 (irq = 4, base_baud = 115200) is a 16550A
[    1.430742] Linux agpgart interface v0.103
[    1.439113] loop: module loaded
[    1.444796] scsi host0: ata_piix
[    1.448445] scsi host1: ata_piix
[    1.451567] ata1: PATA max UDMA/33 cmd 0x1f0 ctl 0x3f6 bmdma 0xd000 irq 14
[    1.457480] ata2: PATA max UDMA/33 cmd 0x170 ctl 0x376 bmdma 0xd008 irq 15
[    1.463564] tun: Universal TUN/TAP device driver, 1.6
[    1.468544] PPP generic driver version 2.4.2
[    1.472469] ehci_hcd: USB 2.0 'Enhanced' Host Controller (EHCI) Driver
[    1.478716] ehci-pci: EHCI PCI platform driver
[    1.483519] ehci-platform: EHCI generic platform driver
[    1.488487] ohci_hcd: USB 1.1 'Open' Host Controller (OHCI) Driver
[    1.492425] ohci-pci: OHCI PCI platform driver
[    1.499130] ohci-platform: OHCI generic platform driver
[    1.503039] uhci_hcd: USB Universal Host Controller Interface driver
[    1.509869] i8042: PNP: PS/2 Controller [PNP0303:PS2K,PNP0f03:PS2M] at 0x60,0x64 irq 1,12
[    1.520593] serio: i8042 KBD port at 0x60,0x64 irq 1
[    1.525176] serio: i8042 AUX port at 0x60,0x64 irq 12
[    1.529095] mousedev: PS/2 mouse device common for all mice
[    1.537231] input: AT Translated Set 2 keyboard as /devices/platform/i8042/serio0/input/input2
[    1.546012] rtc_cmos rtc_cmos: rtc core: registered rtc_cmos as rtc0
[    1.552415] rtc_cmos rtc_cmos: alarms up to one day, 114 bytes nvram
[    1.558237] i2c /dev entries driver
[    1.561761] device-mapper: uevent: version 1.0.3
[    1.566305] device-mapper: ioctl: 4.37.0-ioctl (2017-09-20) initialised: dm-devel@redhat.com
[    1.573664] ledtrig-cpu: registered to indicate activity on CPUs
[    1.580990] NET: Registered protocol family 10
[    1.592808] Segment Routing with IPv6
[    1.595924] NET: Registered protocol family 17
[    1.600347] Key type dns_resolver registered
[    1.604784] mce: Using 0 MCE banks
[    1.607700] RAS: Correctable Errors collector initialized.
[    1.612356] sched_clock: Marking stable (1612304119, 0)->(2357333814, -745029695)
[    1.620965] registered taskstats version 1
[    1.624419] Loading compiled-in X.509 certificates
[    1.692747] Loaded X.509 cert 'Build time autogenerated kernel key: b5b26778eaa3ab3a4a6cee031137706e947d12ad'
[    1.701610] Loaded X.509 cert 'Canonical Ltd. Live Patch Signing: 14df34d1a87cf37625abec039ef2bf521249b969'
[    1.710650] Loaded X.509 cert 'Canonical Ltd. Kernel Module Signing: 88f752e560a1e0737e31163a466ad7b70a850c19'
[    1.719444] blacklist: Loading compiled-in revocation X.509 certificates
[    1.725541] Loaded X.509 cert 'Canonical Ltd. Secure Boot Signing: 61482aa2830d0ab2ad5af10b7250da9033ddcef0'
[    1.733890] Loaded X.509 cert 'Canonical Ltd. Secure Boot Signing (2017): 242ade75ac4a15e50d50c84b0d45ff3eae707a03'
[    1.742586] Loaded X.509 cert 'Canonical Ltd. Secure Boot Signing (ESM 2018): 365188c1d374d6b07c3c8f240f8ef722433d6a8b'
[    1.752277] Loaded X.509 cert 'Canonical Ltd. Secure Boot Signing (2019): c0746fd6c5da3ae827864651ad66ae47fe24b3e8'
[    1.760981] Loaded X.509 cert 'Canonical Ltd. Secure Boot Signing (2021 v1): a8d54bbb3825cfb94fa13c9f8a594a195c107b8d'
[    1.770253] Loaded X.509 cert 'Canonical Ltd. Secure Boot Signing (2021 v2): 4cf046892d6fd3c9a5b03f98d845f90851dc6a8c'
[    1.779688] Loaded X.509 cert 'Canonical Ltd. Secure Boot Signing (2021 v3): 100437bb6de6e469b581e61cd66bce3ef4ed53af'
[    1.789861] Loaded X.509 cert 'Canonical Ltd. Secure Boot Signing (Ubuntu Core 2019): c1d57b8f6b743f23ee41f4f7ee292f06eecadfb9'
[    1.799658] zswap: loaded using pool lzo/zbud
[    1.812529] Key type big_key registered
[    1.816048] Key type trusted registered
[    1.823353] Key type encrypted registered
[    1.826665] AppArmor: AppArmor sha1 policy hashing enabled
[    1.831186] ima: No TPM chip found, activating TPM-bypass! (rc=-19)
[    1.836512] ima: Allocated hash algorithm: sha1
[    1.840445] evm: HMAC attrs: 0x1
[    1.844586]   Magic number: 4:970:200
[    1.848501] rtc_cmos rtc_cmos: setting system clock to 2024-08-12 23:09:38 UTC (1723504178)
[    1.856045] BIOS EDD facility v0.16 2004-Jun-25, 0 devices found
[    1.861126] EDD information not available.
[    1.868804] Freeing unused kernel image memory: 2480K
[    1.888265] Write protecting the kernel read-only data: 20480k
[    1.896338] Freeing unused kernel image memory: 2008K
[    1.901646] Freeing unused kernel image memory: 1820K
[    1.914236] x86/mm: Checked W+X mappings: passed, no W+X pages found.
[    1.920129] x86/mm: Checking user space page tables
[    1.932054] x86/mm: Checked W+X mappings: passed, no W+X pages found.
Loading, please wait...
starting version 237
[    2.034482] e1000: Intel(R) PRO/1000 Network Driver - version 7.3.21-k8-NAPI
[    2.041035] e1000: Copyright (c) 1999-2006 Intel Corporation.
[    2.049645] Fusion MPT base driver 3.04.20
[    2.053545] Copyright (c) 1999-2008 LSI Corporation
[    2.096423] AVX2 version of gcm_enc/dec engaged.
[    2.101045] AES CTR mode by8 optimization enabled
[    2.116269] Fusion MPT SPI Host driver 3.04.20
[    2.294420] input: ImExPS/2 Generic Explorer Mouse as /devices/platform/i8042/serio1/input/input4
[    2.701978] e1000 0000:00:03.0 eth0: (PCI:33MHz:32-bit) 02:3b:7b:b7:3b:2d
[    2.708892] e1000 0000:00:03.0 eth0: Intel(R) PRO/1000 Network Connection
[    2.717645] mptbase: ioc0: Initiating bringup
[    2.724408] e1000 0000:00:03.0 enp0s3: renamed from eth0
[    2.833051] ioc0: LSI53C1030 A0: Capabilities={Initiator}
[    3.084780] scsi host2: ioc0: LSI53C1030 A0, FwRev=00000000h, Ports=1, MaxQ=256, IRQ=20
[    3.263627] scsi 2:0:0:0: Direct-Access     VBOX     HARDDISK         1.0  PQ: 0 ANSI: 5
[    3.304247] scsi target2:0:0: Beginning Domain Validation
[    3.315627] scsi target2:0:0: Domain Validation skipping write tests
[    3.321212] scsi target2:0:0: Ending Domain Validation
[    3.325638] scsi target2:0:0: asynchronous
[    3.330119] scsi 2:0:1:0: Direct-Access     VBOX     HARDDISK         1.0  PQ: 0 ANSI: 5
[    3.368644] scsi target2:0:1: Beginning Domain Validation
[    3.381971] scsi target2:0:1: Domain Validation skipping write tests
[    3.387926] scsi target2:0:1: Ending Domain Validation
[    3.392349] scsi target2:0:1: asynchronous
[    3.404756] sd 2:0:0:0: [sda] 83886080 512-byte logical blocks: (42.9 GB/40.0 GiB)
[    3.411650] sd 2:0:0:0: Attached scsi generic sg0 type 0
[    3.416242] sd 2:0:0:0: [sda] Write Protect is off
[    3.420555] sd 2:0:0:0: [sda] Incomplete mode parameter data
[    3.425231] sd 2:0:0:0: [sda] Assuming drive cache: write through
[    3.431887] sd 2:0:1:0: [sdb] 20480 512-byte logical blocks: (10.5 MB/10.0 MiB)
[    3.438936] sd 2:0:1:0: [sdb] Write Protect is off
[    3.444250] sd 2:0:1:0: Attached scsi generic sg1 type 0
[    3.448832] sd 2:0:1:0: [sdb] Incomplete mode parameter data
[    3.454132] sd 2:0:1:0: [sdb] Assuming drive cache: write through
[    3.461283]  sda: sda1
[    3.466126] sd 2:0:0:0: [sda] Attached SCSI disk
[    3.470884] sd 2:0:1:0: [sdb] Attached SCSI disk
Begin: Loading essential drivers ... [    6.040204] raid6: sse2x1   gen()  8292 MB/s
[    6.092490] raid6: sse2x1   xor()  6118 MB/s
[    6.144920] raid6: sse2x2   gen() 10531 MB/s
[    6.196803] raid6: sse2x2   xor()  7016 MB/s
[    6.248932] raid6: sse2x4   gen() 11841 MB/s
[    6.300266] raid6: sse2x4   xor()  7182 MB/s
[    6.352950] raid6: avx2x1   gen() 16825 MB/s
[    6.404270] raid6: avx2x1   xor() 11531 MB/s
[    6.456057] raid6: avx2x2   gen() 19704 MB/s
[    6.508190] raid6: avx2x2   xor() 12364 MB/s
[    6.561113] raid6: avx2x4   gen() 23951 MB/s
[    6.612339] raid6: avx2x4   xor() 14546 MB/s
[    6.616357] raid6: using algorithm avx2x4 gen() 23951 MB/s
[    6.620974] raid6: .... xor() 14546 MB/s, rmw enabled
[    6.625341] raid6: using avx2x2 recovery algorithm
[    6.631012] xor: automatically using best checksumming function   avx       
[    6.638881] async_tx: api initialized (async)
done.
Begin: Running /scripts/init-premount ... done.
Begin: Mounting root file system ... Begin: Running /scripts/local-top ... done.
Begin: Running /scripts/local-premount ... [    6.713733] Btrfs loaded, crc32c=crc32c-intel
Scanning for Btrfs filesystems
done.
Warning: fsck not present, so skipping root file system
[    6.768617] EXT4-fs (sda1): mounted filesystem with ordered data mode. Opts: (null)
done.
Begin: Running /scripts/local-bottom ... done.
Begin: Running /scripts/init-bottom ... done.
[    7.048788] ip_tables: (C) 2000-2006 Netfilter Core Team
[    7.068245] systemd[1]: systemd 237 running in system mode. (+PAM +AUDIT +SELINUX +IMA +APPARMOR +SMACK +SYSVINIT +UTMP +LIBCRYPTSETUP +GCRYPT +GNUTLS +ACL +XZ +LZ4 +SECCOMP +BLKID +ELFUTILS +KMOD -IDN2 +IDN -PCRE2 default-hierarchy=hybrid)
[    7.085423] systemd[1]: Detected virtualization oracle.
[    7.089689] systemd[1]: Detected architecture x86-64.

Welcome to [1mUbuntu 18.04.6 LTS[0m!

[    7.116428] systemd[1]: Set hostname to <ubuntu>.
[    7.125412] systemd[1]: Initializing machine ID from random generator.
[    7.130797] systemd[1]: Installed transient /etc/machine-id file.
[    7.475690] systemd[1]: Started Forward Password Requests to Wall Directory Watch.
[[0;32m  OK  [0m] Started Forward Password Requests to Wall Directory Watch.
[    7.494022] systemd[1]: Created slice System Slice.
[[0;32m  OK  [0m] Created slice System Slice.
[    7.501645] systemd[1]: Listening on udev Kernel Socket.
[[0;32m  OK  [0m] Listening on udev Kernel Socket.
[    7.509519] systemd[1]: Listening on LVM2 poll daemon socket.
[[0;32m  OK  [0m] Listening on LVM2 poll daemon socket.
[[0;32m  OK  [0m] Listening on LVM2 metadata daemon socket.
[[0;32m  OK  [0m] Reached target System Time Synchronized.
[[0;32m  OK  [0m] Listening on Journal Socket (/dev/log).
[[0;32m  OK  [0m] Listening on Journal Socket.
         Starting Load Kernel Modules...
         Starting Create list of required st…ce nodes for the current kernel...
         Mounting Kernel Debug File System...
         Starting Set the console keyboard layout...
[[0;32m  OK  [0m] Reached target Mounting snaps.
[[0;32m  OK  [0m] Reached target Mounted snaps.
[    7.562314] Loading iSCSI transport class v2.0-870.
[[0;32m  OK  [0m] Listening on Journal Audit Socket.
[[0;32m  OK  [0m] Listening on Syslog Socket.
         Starting Journal Service...
[[0;32m  OK  [0m] Listening on /dev/initctl Compatibility Named Pipe.
[[0;32m  OK  [0m] Created slice system-serial\x2dgetty.slice.
[[0;32m  OK  [0m] Listening on Network Service Netlink Socket.
[[0;32m  OK  [0m] Created slice User and Session Slice.
[[0;32m  OK  [0m] Reached target Slices.
         Starting Uncomplicated firewall...
[[0;32m  OK  [0m] [    7.619707] iscsi: registered transport (tcp)
Set up automount Arbitrary Executab…rmats File System Automount Point.
[    7.651726] iscsi: registered transport (iser)
[[0;32m  OK  [0m] Listening on udev Control Socket.
         Starting udev Coldplug all Devices...
         Mounting POSIX Message Queue File System...
[[0;32m  OK  [0m] Reached target Swap.
[[0;32m  OK  [0m] Listening on Device-mapper event daemon FIFOs.
         Starting Monitoring of LVM2 mirrors…ng dmeventd or progress polling...
         Mounting Huge Pages File System...
[[0;32m  OK  [0m] Reached target User and Group Name Lookups.
[[0;32m  OK  [0m] Listening on fsck to fsckd communication Socket.
         Starting File System Check on Root Device...
[[0;32m  OK  [0m] Started Load Kernel Modules.
[[0;32m  OK  [0m] Started Create list of required sta…vice nodes for the current kernel.
[[0;32m  OK  [0m] Mounted Kernel Debug File System.
[[0;32m  OK  [0m] Started Uncomplicated firewall.
[[0;32m  OK  [0m] Mounted POSIX Message Queue File System.
[[0;32m  OK  [0m] Mounted Huge Pages File System.
         Starting Create Static Device Nodes in /dev...
         Starting Apply Kernel Variables...
         Mounting Kernel Configuration File System...
         Mounting FUSE Control File System...
[[0;32m  OK  [0m] Started Journal Service.
[[0;32m  OK  [0m] Mounted Kernel Configuration File System.
[[0;32m  OK  [0m] Mounted FUSE Control File System.
[[0;32m  OK  [0m] Started File System Check Daemon to report status.
[[0;32m  OK  [0m] Started udev Coldplug all Devices.
[[0;32m  OK  [0m] Started Create Static Device Nodes in /dev.
[[0;32m  OK  [0m] Started LVM2 metadata daemon.
[[0;32m  OK  [0m] Started Apply Kernel Variables.
[[0;32m  OK  [0m] Started File System Check on Root Device.
         Starting Remount Root and Kernel File Systems...
[[0;32m  OK  [0m] Started Monitoring of LVM2 mirrors,…sing dmeventd or progress polling.
[[0;32m  OK  [0m] Started Remount Root and Kernel File Systems.
         Starting udev Kernel Device Manager...
         Starting Flush Journal to Persistent Storage...
         Starting Load/Save Random Seed...
[[0;32m  OK  [0m] Started udev Kernel Device Manager.
[[0;32m  OK  [0m] Started Load/Save Random Seed.
[[0;32m  OK  [0m] Started Flush Journal to Persistent Storage.
[[0;32m  OK  [0m] Found device /dev/ttyS0.
[[0;32m  OK  [0m] Listening on Load/Save RF Kill Switch Status /dev/rfkill Watch.
         Mounting Arbitrary Executable File Formats File System...
[[0;32m  OK  [0m] Mounted Arbitrary Executable File Formats File System.
[[0;32m  OK  [0m] Started Set the console keyboard layout.
[[0;32m  OK  [0m] Started Dispatch Password Requests to Console Directory Watch.
[[0;32m  OK  [0m] Reached target Local Encrypted Volumes.
[[0;32m  OK  [0m] Reached target Local File Systems (Pre).
[[0;32m  OK  [0m] Reached target Local File Systems.
         Starting Create Volatile Files and Directories...
         Starting Commit a transient machine-id on disk...
         Starting AppArmor initialization...
         Starting Tell Plymouth To Write Out Runtime Data...
         Starting ebtables ruleset management...
         Starting Set console font and keymap...
[[0;32m  OK  [0m] Started Create Volatile Files and Directories.
         Starting Update UTMP about System Boot/Shutdown...
[[0;32m  OK  [0m] Started Tell Plymouth To Write Out Runtime Data.
[[0;32m  OK  [0m] Started Update UTMP about System Boot/Shutdown.
[[0;32m  OK  [0m] Started ebtables ruleset management.
[[0;32m  OK  [0m] Started Commit a transient machine-id on disk.
[[0;32m  OK  [0m] Started AppArmor initialization.
         Starting Initial cloud-init job (pre-networking)...
         Starting Load AppArmor profiles managed internally by snapd...
[[0;32m  OK  [0m] Started Load AppArmor profiles managed internally by snapd.
[[0;32m  OK  [0m] Started Set console font and keymap.
[   13.204037] cloud-init[810]: Cloud-init v. 23.1.2-0ubuntu0~18.04.1 running 'init-local' at Mon, 12 Aug 2024 23:09:49 +0000. Up 12.74 seconds.
[[0;32m  OK  [0m] Started Initial cloud-init job (pre-networking).
[[0;32m  OK  [0m] Reached target Network (Pre).
         Starting Network Service...
[[0;32m  OK  [0m] Started Network Service.
         Starting Wait for Network to be Configured...
         Starting Network Name Resolution...
[[0;32m  OK  [0m] Started Network Name Resolution.
[[0;32m  OK  [0m] Reached target Network.
[[0;32m  OK  [0m] Reached target Host and Network Name Lookups.
[[0;32m  OK  [0m] Started Wait for Network to be Configured.
         Starting Initial cloud-init job (metadata service crawler)...
[   15.295378] cloud-init[951]: Cloud-init v. 23.1.2-0ubuntu0~18.04.1 running 'init' at Mon, 12 Aug 2024 23:09:51 +0000. Up 15.06 seconds.
[   15.303356] cloud-init[951]: ci-info: ++++++++++++++++++++++++++++++++++++++Net device info++++++++++++++++++++++++++++++++++++++
[   15.310091] cloud-init[951]: ci-info: +--------+------+----------------------------+---------------+--------+-------------------+
[   15.317311] cloud-init[951]: ci-info: | Device |  Up  |          Address           |      Mask     | Scope  |     Hw-Address    |
[   15.323940] cloud-init[951]: ci-info: +--------+------+----------------------------+---------------+--------+-------------------+
[   15.330639] cloud-init[951]: ci-info: | enp0s3 | True |         10.0.2.15          | 255.255.255.0 | global | 02:3b:7b:b7:3b:2d |
[   15.337360] cloud-init[951]: ci-info: | enp0s3 | True | fe80::3b:7bff:feb7:3b2d/64 |       .       |  link  | 02:3b:7b:b7:3b:2d |
[   15.344135] cloud-init[951]: ci-info: |   lo   | True |         127.0.0.1          |   255.0.0.0   |  host  |         .         |
[   15.350395] cloud-init[951]: ci-info: |   lo   | True |          ::1/128           |       .       |  host  |         .         |
[   15.357163] cloud-init[951]: ci-info: +--------+------+----------------------------+---------------+--------+-------------------+
[   15.363800] cloud-init[951]: ci-info: ++++++++++++++++++++++++++++Route IPv4 info+++++++++++++++++++++++++++++
[   15.370288] cloud-init[951]: ci-info: +-------+-------------+----------+-----------------+-----------+-------+
[   15.376455] cloud-init[951]: ci-info: | Route | Destination | Gateway  |     Genmask     | Interface | Flags |
[   15.382926] cloud-init[951]: ci-info: +-------+-------------+----------+-----------------+-----------+-------+
[   15.388986] cloud-init[951]: ci-info: |   0   |   0.0.0.0   | 10.0.2.2 |     0.0.0.0     |   enp0s3  |   UG  |
[   15.395686] cloud-init[951]: ci-info: |   1   |   10.0.2.0  | 0.0.0.0  |  255.255.255.0  |   enp0s3  |   U   |
[   15.404929] cloud-init[951]: ci-info: |   2   |   10.0.2.2  | 0.0.0.0  | 255.255.255.255 |   enp0s3  |   UH  |
[   15.410981] cloud-init[951]: ci-info: +-------+-------------+----------+-----------------+-----------+-------+
[   15.417014] cloud-init[951]: ci-info: +++++++++++++++++++Route IPv6 info+++++++++++++++++++
[   15.423335] cloud-init[951]: ci-info: +-------+-------------+---------+-----------+-------+
[   15.428931] cloud-init[951]: ci-info: | Route | Destination | Gateway | Interface | Flags |
[   15.434173] cloud-init[951]: ci-info: +-------+-------------+---------+-----------+-------+
[   15.439431] cloud-init[951]: ci-info: |   1   |  fe80::/64  |    ::   |   enp0s3  |   U   |
[   15.445624] cloud-init[951]: ci-info: |   3   |    local    |    ::   |   enp0s3  |   U   |
[   15.451270] cloud-init[951]: ci-info: |   4   |   ff00::/8  |    ::   |   enp0s3  |   U   |
[   15.457461] cloud-init[951]: ci-info: +-------+-------------+---------+-----------+-------+
[   16.256349] cloud-init[951]: Generating public/private rsa key pair.
[   16.261712] cloud-init[951]: Your identification has been saved in /etc/ssh/ssh_host_rsa_key.
[   16.267501] cloud-init[951]: Your public key has been saved in /etc/ssh/ssh_host_rsa_key.pub.
[   16.273568] cloud-init[951]: The key fingerprint is:
[   16.278709] cloud-init[951]: SHA256:ymdI0i4dvnODWz4iF3tRlG/SIQPFK7htsp0qDBNIi8I root@ubuntu-bionic
[   16.285804] cloud-init[951]: The key's randomart image is:
[   16.290563] cloud-init[951]: +---[RSA 2048]----+
[   16.295472] cloud-init[951]: |        .+..     |
[   16.300393] cloud-init[951]: | .        * .    |
[   16.305270] cloud-init[951]: |+..    . . * .   |
[   16.309593] cloud-init[951]: |+E.  .. . + +    |
[   16.314092] cloud-init[951]: |.  .. +oSo o     |
[   16.318124] cloud-init[951]: |  o  B+++        |
[   16.322865] cloud-init[951]: |   +. BO+o       |
[   16.326863] cloud-init[951]: |    +.B*B        |
[   16.330832] cloud-init[951]: |     ++B.o       |
[   16.335449] cloud-init[951]: +----[SHA256]-----+
[   16.339429] cloud-init[951]: Generating public/private dsa key pair.
[   16.344126] cloud-init[951]: Your identification has been saved in /etc/ssh/ssh_host_dsa_key.
[   16.349657] cloud-init[951]: Your public key has been saved in /etc/ssh/ssh_host_dsa_key.pub.
[   16.355061] cloud-init[951]: The key fingerprint is:
[   16.359439] cloud-init[951]: SHA256:B1IZd+mzE5/L7FrKevCOhLwDC879dIupnkL5WJiAA40 root@ubuntu-bionic[[0;32m  OK  [0m] Started Initial cloud-init job (metadata service crawler).
[[0;32m  OK  [0m
[   16.373173] cloud-init[951]: The key's randomart image is:
[   16.376876] cloud-init[951]: +---[DSA 1024]----+
[   16.380425] cloud-init] Reached target Network is Online.
[951]: | o      oo. ..   |
         Starting Availability of block devices...
[[0;32m  OK  [0m] Reached target Remote File Systems (Pre).
[   16.389460] [[0;32m  OK  [0m] Reached target Remote File Systems.
[[0;32m  OK  [0m] Reached target Cloud-config availability.
[[0;32m  OK  [0m] Reached target System Initialization.
[[0;32m  OK  [0m] Started Daily Cleanup of Temporary Directories.
[[0;32m  OK  [0m] Started Message of the Day.
[[0;32m  OK  [0m] Listening on Open-iSCSI iscsid Socket.
[[0;32m  OK  [0m] Started Ubuntu Advantage Timer for running repeated jobs.
[[0;32m  OK  [0m] Listening on ACPID Listen Socket.
[[0;32m  OK  [0m] Started Discard unused blocks once a week.
[[0;32m  OK  [0m] Listening on D-Bus System Message Bus Socket.
[[0;32m  OK  [0m] Listening on UUID daemon activation socket.
         Starting LXD - unix socket.
[[0;32m  OK  [0m] Started ACPI Events Check.
[[0;32m  OK  [0m] Reached target Paths.
[[0;32m  OK  [0m] Listening on cloud-init hotplug hook socket.
         Starting Socket activation for snappy daemon.
[[0;32m  OK  [0m] Started Daily apt download activities.
[[0;32m  OK  [0m] Started Daily apt upgrade and clean activities.
[[0;32m  OK  [0m] Reached target Timers.
[[0;32m  OK  [0m] Started Availability of block devices.
[[0;32m  OK  [0m] Listening on LXD - unix socket.
[[0;32m  OK  [0m] Listening on Socket activation for snappy daemon.
[[0;32m  OK  [0m] Reached target Sockets.
[[0;32m  OK  [0m] Reached target Basic System.
         Starting LSB: Record successful boot for GRUB...
[[0;32m  OK  [0m] Started FUSE filesystem for LXC.
cloud-init[951]: [[0;32m  OK  [0m] Started Deferred execution scheduler.
|E .    ... ..    |         Starting System Logging Service...

         Starting LXD - container startup/shutdown...
[   16.458469] cloud-init[951]: |..    . .  .     |
[   16.470895] cloud-init[951]: |o .    . .  +    |
[   16.476385] cloud-init[951]: | . . +  S .  = . |
[   16.485843] cloud-init[951]: |    * o. o. o o  |
[   16.498820] cloud-init[951]: |   + * o+ oo +.. |
[   16.505749] cloud-init[951]: |    = +o.* +oo+  |
[   16.511598] cloud-init[951]: |     o+o=.++=o.  |
[   16.517332] cloud-init[951]: +----[SHA256]-----+
[   16.522777] cloud-init[951]: Generating public/private ecdsa key pair.
[   16.526789] cloud-init[951]: Your identification has been saved in /etc/ssh/ssh_host_ecdsa_key.
[   16.530553] cloud-init[951]: Your public key has been saved in /etc/ssh/ssh_host_ecdsa_key.pub.
[   16.534515] cloud-init[951]: The key fingerprint is:
[   16.536985] cloud-init[951]: SHA256:v0v1KJu9+GF9/Kt73UgEQu8j9U+VtW/P3Ocw6p5yynM root@ubuntu-bionic
[   16.541061] cloud-init[951]: The key's randomart image is:
[   16.543396] cloud-init[951]: +---[ECDSA 256]---+
[   16.546177] cloud-init[951]: |         ..     .|
[   16.553260] cloud-init[951]: |          ...   +|
[   16.558128] cloud-init[951]: |           .o. o.|
[   16.562532] cloud-init[951]: |           o .. o|
[   16.566629] cloud-init[951]: |        S . +.. +|
[   16.570578] cloud-init[951]: |         . o =.Bo|
[   16.574528] cloud-init[951]: |          + +.=.%|
[   16.579667] cloud-init[951]: |         ooOE+.*=|
[   16.584113] cloud-init[951]: |          O@O++.+|
[   16.588535] cloud-init[951]: +----[SHA256]-----+[[0;32m  OK  [0m] Started Regular background program processing daemon.

[   16.597547] cloud-init[951]: Generating public/private ed25519 key pair.
[   16.602819] cloud-init[951]: Your identification has been saved in /etc/ssh/ssh_host_ed25519_key.
[   16.608213] cloud-init[951]: Your public key has been saved in /etc/ssh/ssh_host_ed25519_key.pub.
[   16.615535] cloud-init[951]: The key fingerprint is:
[   16.620008] cloud-init[951]: SHA256:Nje9sGcaCKfp1l/ij7mtos0s7YcvWsNvoCKzY31ZCrg root@ubuntu-bionic
[   16.625684] cloud-init[951]: The key's randomart image is:
[   16.630061] cloud-init[951]: +--[ED25519 256]--+
[   16.636749] cloud-init[951]: |                 |
[   16.641189] cloud-init[951]: |                 |         Starting Dispatcher daemon for systemd-networkd...

         Starting Login Service...
         Starting Permit User Sessions...
[   16.666466] cloud-init         Starting LSB: automatic crash report generation...
[[0;32m  OK  [0m] Started D-Bus System Message Bus.
[951]: |                 |
[   16.677106] cloud-init[951]: |           .     |
[   16.681923] cloud-init[951]: |   .  . S + .    |
[   16.686603] cloud-init[951]: |  . .  Bo+ + .   |
[   16.691230] cloud-init[951]: |   o .oB=o+ =    |
[   16.695036] cloud-init[951]: |  E o.B=*+o@     |
[   16.701358] cloud-init[951]: | ..= ++==B@+o    |
[   16.705949] cloud-init[951]: +----[SHA256]-----+
         Starting Virtualbox guest utils...
         Starting Accounts Service...
[[0;32m  OK  [0m] Reached target Login Prompts (Pre).
[[0;32m  OK  [0m] Started irqbalance daemon.
         Starting Snap Daemon...
         Starting Pollinate to seed the pseudo random number generator...
[[0;32m  OK  [0m] Started System Logging Service.
[[0;32m  OK  [0m] Started LXD - container startup/shutdown.
[[0;32m  OK  [0m] Started Permit User Sessions.
[[0;32m  OK  [0m] Started Login Service.
[[0;32m  OK  [0m] Started Unattended Upgrades Shutdown.
         Starting Terminate Plymouth Boot Screen...
         Starting Hold until boot process finishes up...
[[0;32m  OK  [0m] Started Hold until boot process finishes up.
         Starting Set console scheme...
[[0;32m  OK  [0m] Started Serial Getty on ttyS0.
[[0;32m  OK  [0m] Started Terminate Plymouth Boot Screen.
[[0;32m  OK  [0m] Started LSB: automatic crash report generation.
[[0;32m  OK  [0m] Started Set console scheme.
[[0;32m  OK  [0m] Created slice system-getty.slice.
[[0;32m  OK  [0m] Started Getty on tty1.
[[0;32m  OK  [0m] Reached target Login Prompts.
         Starting Authorization Manager...
[[0;32m  OK  [0m] Started LSB: Record successful boot for GRUB.
[[0;32m  OK  [0m] Started Authorization Manager.
[[0;32m  OK  [0m] Started Accounts Service.
[[0;32m  OK  [0m] Started Virtualbox guest utils.
[[0;32m  OK  [0m] Started Dispatcher daemon for systemd-networkd.
[[0;32m  OK  [0m] Started Snap Daemon.
         Starting Wait until snapd is fully seeded...
[[0;32m  OK  [0m] Started Pollinate to seed the pseudo random number generator.
         Starting OpenBSD Secure Shell server...
[[0;32m  OK  [0m] Started OpenBSD Secure Shell server.
[[0;32m  OK  [0m] Created slice User Slice of vagrant.
         Starting User Manager for UID 1000...
[[0;32m  OK  [0m] Started Session 1 of user vagrant.
[[0;32m  OK  [0m] Started User Manager for UID 1000.
         Starting Time & Date Service...
[[0;32m  OK  [0m] Started Time & Date Service.
[[0;32m  OK  [0m] Started Wait until snapd is fully seeded.
         Starting Apply the settings specified in cloud-config...

Ubuntu 18.04.6 LTS ubuntu-bionic ttyS0

ubuntu-bionic login: [   23.322678] cloud-init[1595]: Cloud-init v. 23.1.2-0ubuntu0~18.04.1 running 'modules:config' at Mon, 12 Aug 2024 23:09:59 +0000. Up 22.63 seconds.
ci-info: no authorized SSH keys fingerprints found for user ubuntu.
<14>Aug 12 23:10:01 cloud-init: #############################################################
<14>Aug 12 23:10:01 cloud-init: -----BEGIN SSH HOST KEY FINGERPRINTS-----
<14>Aug 12 23:10:01 cloud-init: 1024 SHA256:B1IZd+mzE5/L7FrKevCOhLwDC879dIupnkL5WJiAA40 root@ubuntu-bionic (DSA)
<14>Aug 12 23:10:01 cloud-init: 256 SHA256:v0v1KJu9+GF9/Kt73UgEQu8j9U+VtW/P3Ocw6p5yynM root@ubuntu-bionic (ECDSA)
<14>Aug 12 23:10:01 cloud-init: 256 SHA256:Nje9sGcaCKfp1l/ij7mtos0s7YcvWsNvoCKzY31ZCrg root@ubuntu-bionic (ED25519)
<14>Aug 12 23:10:01 cloud-init: 2048 SHA256:ymdI0i4dvnODWz4iF3tRlG/SIQPFK7htsp0qDBNIi8I root@ubuntu-bionic (RSA)
<14>Aug 12 23:10:01 cloud-init: -----END SSH HOST KEY FINGERPRINTS-----
<14>Aug 12 23:10:01 cloud-init: #############################################################
-----BEGIN SSH HOST KEY KEYS-----
ecdsa-sha2-nistp256 AAAAE2VjZHNhLXNoYTItbmlzdHAyNTYAAAAIbmlzdHAyNTYAAABBBPLdBAMO2bgD+NQpwlA76MPiORjOfYi/ZAWLVCvxw/iiv3AqPFuNzGVyrMGQjTZosIQy7/R/Vkal4bYp+laXhkU= root@ubuntu-bionic
ssh-ed25519 AAAAC3NzaC1lZDI1NTE5AAAAIIzFssm1YSkaNlnsBDu3EqrT7a0D2WLzdQeo8dG3PDAT root@ubuntu-bionic
ssh-rsa AAAAB3NzaC1yc2EAAAADAQABAAABAQDgs+dGYb/V17stJjQrV5JJvpan3DosgCh+sKk3/tDrW7cPOouTEU64LfsiJMjdQyS6D76eR244OURDVLDCQQIY+IqFiW9BH6GHhlwmdWtYRf+k6Z7Vn7Fj3n3He17DfDlwpRlr9hgZqf34QnUNNjlYR8/1Lea9e88tMFDnvAbK9p1Mfc0PS05Jtuf5uUelvlmWJWwn7lb3n68+KwTlOG2eHLYWAr0wBa/hKvNoRNqdC0L2cTQMTmtCjK4U2cb6U0PqwWrX3p8msv0MugHyl6Us2A86877Pb3/oelZMwmC8Pb2kdptsSJ64U2X3lnvF2vtSkt8Cg0Ecjg3sEU92gg0P root@ubuntu-bionic
-----END SSH HOST KEY KEYS-----
[   24.675402] cloud-init[1849]: Cloud-init v. 23.1.2-0ubuntu0~18.04.1 running 'modules:final' at Mon, 12 Aug 2024 23:10:00 +0000. Up 24.33 seconds.
[   24.683375] cloud-init[1849]: Cloud-init v. 23.1.2-0ubuntu0~18.04.1 finished at Mon, 12 Aug 2024 23:10:01 +0000. Datasource DataSourceNoCloud [seed=/dev/sdb][dsmode=net].  Up 24.62 seconds
